<!DOCTYPE html>

<html>
  <head>
  <meta charset='utf-8'>
  <title>TestNG reports</title>

    <link type="text/css" href="testng-reports1.css" rel="stylesheet" id="ultra" />
    <link type="text/css" href="testng-reports.css" rel="stylesheet" id="retro" disabled="false"/>
    <script type="text/javascript" src="jquery-3.6.0.min.js"></script>
    <script type="text/javascript" src="testng-reports.js"></script>
    <script type="text/javascript" src="https://www.google.com/jsapi"></script>
    <script type='text/javascript'>
      google.load('visualization', '1', {packages:['table']});
      google.setOnLoadCallback(drawTable);
      var suiteTableInitFunctions = new Array();
      var suiteTableData = new Array();
    </script>
    <!--
      <script type="text/javascript" src="jquery-ui/js/jquery-ui-1.8.16.custom.min.js"></script>
     -->
  </head>

  <body>    <div class="top-banner-root">
      <span class="top-banner-title-font">Test results</span>
      <button id="button" class="button">Switch Retro Theme</button> <!-- button -->
      <br/>
      <span class="top-banner-font-1">1 suite, 46 failed tests</span>
    </div> <!-- top-banner-root -->
    <div class="navigator-root">
      <div class="navigator-suite-header">
        <span>All suites</span>
        <a href="#" title="Collapse/expand all the suites" class="collapse-all-link">
          <img src="collapseall.gif" class="collapse-all-icon">
          </img> <!-- collapse-all-icon -->
        </a> <!-- collapse-all-link -->
      </div> <!-- navigator-suite-header -->
      <div class="suite">
        <div class="rounded-window">
          <div class="suite-header light-rounded-window-top">
            <a href="#" panel-name="suite-Default_suite" class="navigator-link">
              <span class="suite-name border-failed">Default suite</span>
            </a> <!-- navigator-link -->
          </div> <!-- suite-header light-rounded-window-top -->
          <div class="navigator-suite-content">
            <div class="suite-section-title">
              <span>Info</span>
            </div> <!-- suite-section-title -->
            <div class="suite-section-content">
              <ul>
                <li>
                  <a href="#" panel-name="test-xml-Default_suite" class="navigator-link ">
                    <span>C:\Users\dadit\AppData\Local\Temp\testng-eclipse--770476256\testng-customsuite.xml</span>
                  </a> <!-- navigator-link  -->
                </li>
                <li>
                  <a href="#" panel-name="testlist-Default_suite" class="navigator-link ">
                    <span class="test-stats">1 test</span>
                  </a> <!-- navigator-link  -->
                </li>
                <li>
                  <a href="#" panel-name="group-Default_suite" class="navigator-link ">
                    <span>1 group</span>
                  </a> <!-- navigator-link  -->
                </li>
                <li>
                  <a href="#" panel-name="times-Default_suite" class="navigator-link ">
                    <span>Times</span>
                  </a> <!-- navigator-link  -->
                </li>
                <li>
                  <a href="#" panel-name="reporter-Default_suite" class="navigator-link ">
                    <span>Reporter output</span>
                  </a> <!-- navigator-link  -->
                </li>
                <li>
                  <a href="#" panel-name="ignored-methods-Default_suite" class="navigator-link ">
                    <span>Ignored methods</span>
                  </a> <!-- navigator-link  -->
                </li>
                <li>
                  <a href="#" panel-name="chronological-Default_suite" class="navigator-link ">
                    <span>Chronological view</span>
                  </a> <!-- navigator-link  -->
                </li>
              </ul>
            </div> <!-- suite-section-content -->
            <div class="result-section">
              <div class="suite-section-title">
                <span>Results</span>
              </div> <!-- suite-section-title -->
              <div class="suite-section-content">
                <ul>
                  <li>
                    <span class="method-stats">54 methods, 46 failed,   8 passed</span>
                  </li>
                  <li>
                    <span class="method-list-title failed">Failed methods</span>
                    <span class="show-or-hide-methods failed">
                      <a href="#" panel-name="suite-Default_suite" class="hide-methods failed suite-Default_suite"> (hide)</a> <!-- hide-methods failed suite-Default_suite -->
                      <a href="#" panel-name="suite-Default_suite" class="show-methods failed suite-Default_suite"> (show)</a> <!-- show-methods failed suite-Default_suite -->
                    </span>
                    <div class="method-list-content failed suite-Default_suite">
                      <span>
                        <img src="failed.png" width="3%"/>
                        <a href="#" panel-name="suite-Default_suite" title="runner.testRunner" class="method navigator-link" hash-for-method="runScenario(&quot;user does Insertion&quot;, &quot;Linked List page&quot;)">runScenario("user does Insertion", "Linked List page")</a> <!-- method navigator-link -->
                      </span>
                      <br/>
                      <span>
                        <img src="failed.png" width="3%"/>
                        <a href="#" panel-name="suite-Default_suite" title="runner.testRunner" class="method navigator-link" hash-for-method="runScenario(&quot;The user is presented with error message for password with characters less than 8&quot;, &quot;user registrat...)">runScenario("The user is presented with error message for password with characters less than 8", "user registrat...)</a> <!-- method navigator-link -->
                      </span>
                      <br/>
                      <span>
                        <img src="failed.png" width="3%"/>
                        <a href="#" panel-name="suite-Default_suite" title="runner.testRunner" class="method navigator-link" hash-for-method="runScenario(&quot;user does Applications of Binary Trees&quot;, &quot;Tree page&quot;)">runScenario("user does Applications of Binary Trees", "Tree page")</a> <!-- method navigator-link -->
                      </span>
                      <br/>
                      <span>
                        <img src="failed.png" width="3%"/>
                        <a href="#" panel-name="suite-Default_suite" title="runner.testRunner" class="method navigator-link" hash-for-method="runScenario(&quot;user does Deletion&quot;, &quot;Linked List page&quot;)">runScenario("user does Deletion", "Linked List page")</a> <!-- method navigator-link -->
                      </span>
                      <br/>
                      <span>
                        <img src="failed.png" width="3%"/>
                        <a href="#" panel-name="suite-Default_suite" title="runner.testRunner" class="method navigator-link" hash-for-method="runScenario(&quot;User navigate to Array Practice Page and works in Squares of  a Sorted Array&quot;, &quot;DS Algo ArrayPracti...)">runScenario("User navigate to Array Practice Page and works in Squares of  a Sorted Array", "DS Algo ArrayPracti...)</a> <!-- method navigator-link -->
                      </span>
                      <br/>
                      <span>
                        <img src="failed.png" width="3%"/>
                        <a href="#" panel-name="suite-Default_suite" title="runner.testRunner" class="method navigator-link" hash-for-method="runScenario(&quot;user navigate to Tree page and works on Overview of Trees 1st link in the Tree&quot;, &quot;Tree page&quot;)">runScenario("user navigate to Tree page and works on Overview of Trees 1st link in the Tree", "Tree page")</a> <!-- method navigator-link -->
                      </span>
                      <br/>
                      <span>
                        <img src="failed.png" width="3%"/>
                        <a href="#" panel-name="suite-Default_suite" title="runner.testRunner" class="method navigator-link" hash-for-method="runScenario(&quot;user does Implement Linked List in Python&quot;, &quot;Linked List page&quot;)">runScenario("user does Implement Linked List in Python", "Linked List page")</a> <!-- method navigator-link -->
                      </span>
                      <br/>
                      <span>
                        <img src="failed.png" width="3%"/>
                        <a href="#" panel-name="suite-Default_suite" title="runner.testRunner" class="method navigator-link" hash-for-method="runScenario(&quot;user navigate to Stack page and works on Operations in Stack&quot;, &quot;Stack page&quot;)">runScenario("user navigate to Stack page and works on Operations in Stack", "Stack page")</a> <!-- method navigator-link -->
                      </span>
                      <br/>
                      <span>
                        <img src="failed.png" width="3%"/>
                        <a href="#" panel-name="suite-Default_suite" title="runner.testRunner" class="method navigator-link" hash-for-method="runScenario(&quot;user does Applications&quot;, &quot;Stack page&quot;)">runScenario("user does Applications", "Stack page")</a> <!-- method navigator-link -->
                      </span>
                      <br/>
                      <span>
                        <img src="failed.png" width="3%"/>
                        <a href="#" panel-name="suite-Default_suite" title="runner.testRunner" class="method navigator-link" hash-for-method="runScenario(&quot;The user is presented with error message for invalid username&quot;, &quot;user registration page&quot;)">runScenario("The user is presented with error message for invalid username", "user registration page")</a> <!-- method navigator-link -->
                      </span>
                      <br/>
                      <span>
                        <img src="failed.png" width="3%"/>
                        <a href="#" panel-name="suite-Default_suite" title="runner.testRunner" class="method navigator-link" hash-for-method="runScenario(&quot;Getting register into page with username and password&quot;, &quot;user registration page&quot;)">runScenario("Getting register into page with username and password", "user registration page")</a> <!-- method navigator-link -->
                      </span>
                      <br/>
                      <span>
                        <img src="failed.png" width="3%"/>
                        <a href="#" panel-name="suite-Default_suite" title="runner.testRunner" class="method navigator-link" hash-for-method="runScenario(&quot;user does Implementation of Binary Trees&quot;, &quot;Tree page&quot;)">runScenario("user does Implementation of Binary Trees", "Tree page")</a> <!-- method navigator-link -->
                      </span>
                      <br/>
                      <span>
                        <img src="failed.png" width="3%"/>
                        <a href="#" panel-name="suite-Default_suite" title="runner.testRunner" class="method navigator-link" hash-for-method="runScenario(&quot;user does Traversal-Illustration&quot;, &quot;Tree page&quot;)">runScenario("user does Traversal-Illustration", "Tree page")</a> <!-- method navigator-link -->
                      </span>
                      <br/>
                      <span>
                        <img src="failed.png" width="3%"/>
                        <a href="#" panel-name="suite-Default_suite" title="runner.testRunner" class="method navigator-link" hash-for-method="runScenario(&quot;user navigate to datastructure page&quot;, &quot;DataStructure page&quot;)">runScenario("user navigate to datastructure page", "DataStructure page")</a> <!-- method navigator-link -->
                      </span>
                      <br/>
                      <span>
                        <img src="failed.png" width="3%"/>
                        <a href="#" panel-name="suite-Default_suite" title="runner.testRunner" class="method navigator-link" hash-for-method="runScenario(&quot;The user is presented with error message for password with only numbers&quot;, &quot;user registration page&quot;)">runScenario("The user is presented with error message for password with only numbers", "user registration page")</a> <!-- method navigator-link -->
                      </span>
                      <br/>
                      <span>
                        <img src="failed.png" width="3%"/>
                        <a href="#" panel-name="suite-Default_suite" title="runner.testRunner" class="method navigator-link" hash-for-method="runScenario(&quot;Getting register into page with username and password&quot;, &quot;user registration page&quot;)">runScenario("Getting register into page with username and password", "user registration page")</a> <!-- method navigator-link -->
                      </span>
                      <br/>
                      <span>
                        <img src="failed.png" width="3%"/>
                        <a href="#" panel-name="suite-Default_suite" title="runner.testRunner" class="method navigator-link" hash-for-method="runScenario(&quot;user does Terminologies in Trees&quot;, &quot;Tree page&quot;)">runScenario("user does Terminologies in Trees", "Tree page")</a> <!-- method navigator-link -->
                      </span>
                      <br/>
                      <span>
                        <img src="failed.png" width="3%"/>
                        <a href="#" panel-name="suite-Default_suite" title="runner.testRunner" class="method navigator-link" hash-for-method="runScenario(&quot;user does Types of Linked Lists&quot;, &quot;Linked List page&quot;)">runScenario("user does Types of Linked Lists", "Linked List page")</a> <!-- method navigator-link -->
                      </span>
                      <br/>
                      <span>
                        <img src="failed.png" width="3%"/>
                        <a href="#" panel-name="suite-Default_suite" title="runner.testRunner" class="method navigator-link" hash-for-method="runScenario(&quot;The user is presented with error message for existing username&quot;, &quot;user registration page&quot;)">runScenario("The user is presented with error message for existing username", "user registration page")</a> <!-- method navigator-link -->
                      </span>
                      <br/>
                      <span>
                        <img src="failed.png" width="3%"/>
                        <a href="#" panel-name="suite-Default_suite" title="runner.testRunner" class="method navigator-link" hash-for-method="runScenario(&quot;Opeing DS-Algo portal link&quot;, &quot;DS-ALGO Project&quot;)">runScenario("Opeing DS-Algo portal link", "DS-ALGO Project")</a> <!-- method navigator-link -->
                      </span>
                      <br/>
                      <span>
                        <img src="failed.png" width="3%"/>
                        <a href="#" panel-name="suite-Default_suite" title="runner.testRunner" class="method navigator-link" hash-for-method="runScenario(&quot;User navigate to Array Practice Page and works in Find Numbers with Even Number of Digits&quot;, &quot;DS Alg...)">runScenario("User navigate to Array Practice Page and works in Find Numbers with Even Number of Digits", "DS Alg...)</a> <!-- method navigator-link -->
                      </span>
                      <br/>
                      <span>
                        <img src="failed.png" width="3%"/>
                        <a href="#" panel-name="suite-Default_suite" title="runner.testRunner" class="method navigator-link" hash-for-method="runScenario(&quot;The user is presented with error message for password mismatch&quot;, &quot;user registration page&quot;)">runScenario("The user is presented with error message for password mismatch", "user registration page")</a> <!-- method navigator-link -->
                      </span>
                      <br/>
                      <span>
                        <img src="failed.png" width="3%"/>
                        <a href="#" panel-name="suite-Default_suite" title="runner.testRunner" class="method navigator-link" hash-for-method="runScenario(&quot;user navigate to Linked List page and works on Introduction on Linked List&quot;, &quot;Linked List page&quot;)">runScenario("user navigate to Linked List page and works on Introduction on Linked List", "Linked List page")</a> <!-- method navigator-link -->
                      </span>
                      <br/>
                      <span>
                        <img src="failed.png" width="3%"/>
                        <a href="#" panel-name="suite-Default_suite" title="runner.testRunner" class="method navigator-link" hash-for-method="runScenario(&quot;user does Implementation Stack&quot;, &quot;Stack page&quot;)">runScenario("user does Implementation Stack", "Stack page")</a> <!-- method navigator-link -->
                      </span>
                      <br/>
                      <span>
                        <img src="failed.png" width="3%"/>
                        <a href="#" panel-name="suite-Default_suite" title="runner.testRunner" class="method navigator-link" hash-for-method="runScenario(&quot;user does Implementation of BST&quot;, &quot;Tree page&quot;)">runScenario("user does Implementation of BST", "Tree page")</a> <!-- method navigator-link -->
                      </span>
                      <br/>
                      <span>
                        <img src="failed.png" width="3%"/>
                        <a href="#" panel-name="suite-Default_suite" title="runner.testRunner" class="method navigator-link" hash-for-method="runScenario(&quot;user does Graph Representations&quot;, &quot;Graph page&quot;)">runScenario("user does Graph Representations", "Graph page")</a> <!-- method navigator-link -->
                      </span>
                      <br/>
                      <span>
                        <img src="failed.png" width="3%"/>
                        <a href="#" panel-name="suite-Default_suite" title="runner.testRunner" class="method navigator-link" hash-for-method="runScenario(&quot;user does Traversal&quot;, &quot;Linked List page&quot;)">runScenario("user does Traversal", "Linked List page")</a> <!-- method navigator-link -->
                      </span>
                      <br/>
                      <span>
                        <img src="failed.png" width="3%"/>
                        <a href="#" panel-name="suite-Default_suite" title="runner.testRunner" class="method navigator-link" hash-for-method="runScenario(&quot;user does Binary Trees&quot;, &quot;Tree page&quot;)">runScenario("user does Binary Trees", "Tree page")</a> <!-- method navigator-link -->
                      </span>
                      <br/>
                      <span>
                        <img src="failed.png" width="3%"/>
                        <a href="#" panel-name="suite-Default_suite" title="runner.testRunner" class="method navigator-link" hash-for-method="runScenario(&quot;user navigate to datastructure page&quot;, &quot;DataStructure page&quot;)">runScenario("user navigate to datastructure page", "DataStructure page")</a> <!-- method navigator-link -->
                      </span>
                      <br/>
                      <span>
                        <img src="failed.png" width="3%"/>
                        <a href="#" panel-name="suite-Default_suite" title="runner.testRunner" class="method navigator-link" hash-for-method="runScenario(&quot;user does Implementation Using Collection.deque&quot;, &quot;Queue page&quot;)">runScenario("user does Implementation Using Collection.deque", "Queue page")</a> <!-- method navigator-link -->
                      </span>
                      <br/>
                      <span>
                        <img src="failed.png" width="3%"/>
                        <a href="#" panel-name="suite-Default_suite" title="runner.testRunner" class="method navigator-link" hash-for-method="runScenario(&quot;The user is presented with error message for empty fields below Password textbox&quot;, &quot;user registrati...)">runScenario("The user is presented with error message for empty fields below Password textbox", "user registrati...)</a> <!-- method navigator-link -->
                      </span>
                      <br/>
                      <span>
                        <img src="failed.png" width="3%"/>
                        <a href="#" panel-name="suite-Default_suite" title="runner.testRunner" class="method navigator-link" hash-for-method="runScenario(&quot;user does Implementation in Python&quot;, &quot;Tree page&quot;)">runScenario("user does Implementation in Python", "Tree page")</a> <!-- method navigator-link -->
                      </span>
                      <br/>
                      <span>
                        <img src="failed.png" width="3%"/>
                        <a href="#" panel-name="suite-Default_suite" title="runner.testRunner" class="method navigator-link" hash-for-method="runScenario(&quot;The user is presented with error message for empty fields below Username textbox&quot;, &quot;user registrati...)">runScenario("The user is presented with error message for empty fields below Username textbox", "user registrati...)</a> <!-- method navigator-link -->
                      </span>
                      <br/>
                      <span>
                        <img src="failed.png" width="3%"/>
                        <a href="#" panel-name="suite-Default_suite" title="runner.testRunner" class="method navigator-link" hash-for-method="runScenario(&quot;user does Types of Binary Trees&quot;, &quot;Tree page&quot;)">runScenario("user does Types of Binary Trees", "Tree page")</a> <!-- method navigator-link -->
                      </span>
                      <br/>
                      <span>
                        <img src="failed.png" width="3%"/>
                        <a href="#" panel-name="suite-Default_suite" title="runner.testRunner" class="method navigator-link" hash-for-method="runScenario(&quot;user does Tree Traversals&quot;, &quot;Tree page&quot;)">runScenario("user does Tree Traversals", "Tree page")</a> <!-- method navigator-link -->
                      </span>
                      <br/>
                      <span>
                        <img src="failed.png" width="3%"/>
                        <a href="#" panel-name="suite-Default_suite" title="runner.testRunner" class="method navigator-link" hash-for-method="runScenario(&quot;User navigate to Array Practice Page and works in Search the array&quot;, &quot;DS Algo ArrayPractice Page&quot;)">runScenario("User navigate to Array Practice Page and works in Search the array", "DS Algo ArrayPractice Page")</a> <!-- method navigator-link -->
                      </span>
                      <br/>
                      <span>
                        <img src="failed.png" width="3%"/>
                        <a href="#" panel-name="suite-Default_suite" title="runner.testRunner" class="method navigator-link" hash-for-method="runScenario(&quot;user navigate to Queue page and works on Implementation Queue in Python&quot;, &quot;Queue page&quot;)">runScenario("user navigate to Queue page and works on Implementation Queue in Python", "Queue page")</a> <!-- method navigator-link -->
                      </span>
                      <br/>
                      <span>
                        <img src="failed.png" width="3%"/>
                        <a href="#" panel-name="suite-Default_suite" title="runner.testRunner" class="method navigator-link" hash-for-method="runScenario(&quot;The user is presented with error message for empty fields below confirm Password textbox&quot;, &quot;user re...)">runScenario("The user is presented with error message for empty fields below confirm Password textbox", "user re...)</a> <!-- method navigator-link -->
                      </span>
                      <br/>
                      <span>
                        <img src="failed.png" width="3%"/>
                        <a href="#" panel-name="suite-Default_suite" title="runner.testRunner" class="method navigator-link" hash-for-method="runScenario(&quot;user navigate to Graph page and works on  Graph&quot;, &quot;Graph page&quot;)">runScenario("user navigate to Graph page and works on  Graph", "Graph page")</a> <!-- method navigator-link -->
                      </span>
                      <br/>
                      <span>
                        <img src="failed.png" width="3%"/>
                        <a href="#" panel-name="suite-Default_suite" title="runner.testRunner" class="method navigator-link" hash-for-method="runScenario(&quot;user does Implementation Using Array&quot;, &quot;Queue page&quot;)">runScenario("user does Implementation Using Array", "Queue page")</a> <!-- method navigator-link -->
                      </span>
                      <br/>
                      <span>
                        <img src="failed.png" width="3%"/>
                        <a href="#" panel-name="suite-Default_suite" title="runner.testRunner" class="method navigator-link" hash-for-method="runScenario(&quot;user does Types of Trees&quot;, &quot;Tree page&quot;)">runScenario("user does Types of Trees", "Tree page")</a> <!-- method navigator-link -->
                      </span>
                      <br/>
                      <span>
                        <img src="failed.png" width="3%"/>
                        <a href="#" panel-name="suite-Default_suite" title="runner.testRunner" class="method navigator-link" hash-for-method="runScenario(&quot;user does Binary Tree Traversals&quot;, &quot;Tree page&quot;)">runScenario("user does Binary Tree Traversals", "Tree page")</a> <!-- method navigator-link -->
                      </span>
                      <br/>
                      <span>
                        <img src="failed.png" width="3%"/>
                        <a href="#" panel-name="suite-Default_suite" title="runner.testRunner" class="method navigator-link" hash-for-method="runScenario(&quot;user does Binary Search Trees&quot;, &quot;Tree page&quot;)">runScenario("user does Binary Search Trees", "Tree page")</a> <!-- method navigator-link -->
                      </span>
                      <br/>
                      <span>
                        <img src="failed.png" width="3%"/>
                        <a href="#" panel-name="suite-Default_suite" title="runner.testRunner" class="method navigator-link" hash-for-method="runScenario(&quot;user does Queue Operations&quot;, &quot;Queue page&quot;)">runScenario("user does Queue Operations", "Queue page")</a> <!-- method navigator-link -->
                      </span>
                      <br/>
                      <span>
                        <img src="failed.png" width="3%"/>
                        <a href="#" panel-name="suite-Default_suite" title="runner.testRunner" class="method navigator-link" hash-for-method="runScenario(&quot;user does Creating Linked List&quot;, &quot;Linked List page&quot;)">runScenario("user does Creating Linked List", "Linked List page")</a> <!-- method navigator-link -->
                      </span>
                      <br/>
                      <span>
                        <img src="failed.png" width="3%"/>
                        <a href="#" panel-name="suite-Default_suite" title="runner.testRunner" class="method navigator-link" hash-for-method="runScenario(&quot;User navigate to Array Practice Page and works in Max Consecutive Ones&quot;, &quot;DS Algo ArrayPractice Pag...)">runScenario("User navigate to Array Practice Page and works in Max Consecutive Ones", "DS Algo ArrayPractice Pag...)</a> <!-- method navigator-link -->
                      </span>
                      <br/>
                    </div> <!-- method-list-content failed suite-Default_suite -->
                  </li>
                  <li>
                    <span class="method-list-title passed">Passed methods</span>
                    <span class="show-or-hide-methods passed">
                      <a href="#" panel-name="suite-Default_suite" class="hide-methods passed suite-Default_suite"> (hide)</a> <!-- hide-methods passed suite-Default_suite -->
                      <a href="#" panel-name="suite-Default_suite" class="show-methods passed suite-Default_suite"> (show)</a> <!-- show-methods passed suite-Default_suite -->
                    </span>
                    <div class="method-list-content passed suite-Default_suite">
                      <span>
                        <img src="passed.png" width="3%"/>
                        <a href="#" panel-name="suite-Default_suite" title="runner.testRunner" class="method navigator-link" hash-for-method="runScenario(&quot;user navigate to sign in  page&quot;, &quot;DS-Algo Sign In&quot;)">runScenario("user navigate to sign in  page", "DS-Algo Sign In")</a> <!-- method navigator-link -->
                      </span>
                      <br/>
                      <span>
                        <img src="passed.png" width="3%"/>
                        <a href="#" panel-name="suite-Default_suite" title="runner.testRunner" class="method navigator-link" hash-for-method="runScenario(&quot;user navigate to sign in  page&quot;, &quot;DS-Algo Sign In&quot;)">runScenario("user navigate to sign in  page", "DS-Algo Sign In")</a> <!-- method navigator-link -->
                      </span>
                      <br/>
                      <span>
                        <img src="passed.png" width="3%"/>
                        <a href="#" panel-name="suite-Default_suite" title="runner.testRunner" class="method navigator-link" hash-for-method="runScenario(&quot;user navigate to sign in  page&quot;, &quot;DS-Algo Sign In&quot;)">runScenario("user navigate to sign in  page", "DS-Algo Sign In")</a> <!-- method navigator-link -->
                      </span>
                      <br/>
                      <span>
                        <img src="passed.png" width="3%"/>
                        <a href="#" panel-name="suite-Default_suite" title="runner.testRunner" class="method navigator-link" hash-for-method="runScenario(&quot;user navigate to sign in  page&quot;, &quot;DS-Algo Sign In&quot;)">runScenario("user navigate to sign in  page", "DS-Algo Sign In")</a> <!-- method navigator-link -->
                      </span>
                      <br/>
                      <span>
                        <img src="passed.png" width="3%"/>
                        <a href="#" panel-name="suite-Default_suite" title="runner.testRunner" class="method navigator-link" hash-for-method="runScenario(&quot;user navigate to sign in  page&quot;, &quot;DS-Algo Sign In&quot;)">runScenario("user navigate to sign in  page", "DS-Algo Sign In")</a> <!-- method navigator-link -->
                      </span>
                      <br/>
                      <span>
                        <img src="passed.png" width="3%"/>
                        <a href="#" panel-name="suite-Default_suite" title="runner.testRunner" class="method navigator-link" hash-for-method="runScenario(&quot;user navigate to sign in  page&quot;, &quot;DS-Algo Sign In&quot;)">runScenario("user navigate to sign in  page", "DS-Algo Sign In")</a> <!-- method navigator-link -->
                      </span>
                      <br/>
                      <span>
                        <img src="passed.png" width="3%"/>
                        <a href="#" panel-name="suite-Default_suite" title="runner.testRunner" class="method navigator-link" hash-for-method="runScenario(&quot;user navigate to sign in  page&quot;, &quot;DS-Algo Sign In&quot;)">runScenario("user navigate to sign in  page", "DS-Algo Sign In")</a> <!-- method navigator-link -->
                      </span>
                      <br/>
                      <span>
                        <img src="passed.png" width="3%"/>
                        <a href="#" panel-name="suite-Default_suite" title="runner.testRunner" class="method navigator-link" hash-for-method="runScenario(&quot;user navigate to sign in  page&quot;, &quot;DS-Algo Sign In&quot;)">runScenario("user navigate to sign in  page", "DS-Algo Sign In")</a> <!-- method navigator-link -->
                      </span>
                      <br/>
                    </div> <!-- method-list-content passed suite-Default_suite -->
                  </li>
                </ul>
              </div> <!-- suite-section-content -->
            </div> <!-- result-section -->
          </div> <!-- navigator-suite-content -->
        </div> <!-- rounded-window -->
      </div> <!-- suite -->
    </div> <!-- navigator-root -->
    <div class="wrapper">
      <div class="main-panel-root">
        <div panel-name="suite-Default_suite" class="panel Default_suite">
          <div class="suite-Default_suite-class-failed">
            <div class="main-panel-header rounded-window-top">
              <img src="failed.png"/>
              <span class="class-name">runner.testRunner</span>
            </div> <!-- main-panel-header rounded-window-top -->
            <div class="main-panel-content rounded-window-bottom">
              <div class="method">
                <div class="method-content">
                  <a name="runScenario(&quot;user does Insertion&quot;, &quot;Linked List page&quot;)">
                  </a> <!-- runScenario("user does Insertion", "Linked List page") -->
                  <span class="method-name">runScenario</span>
                  <span class="parameters">("user does Insertion","Linked List page")</span>
                  <div class="stack-trace">java.lang.Error: Unresolved compilation problems: 
	Unhandled exception type InterruptedException
	Unhandled exception type InvalidFormatException

	at pages.CollectionsPage.enterPythonCode(CollectionsPage.java:258)
	at StepDefinition.Collections.user_enters_code_in_try_editor_from_sheet_number_and_then_click_run_output_is_printed(Collections.java:194)
	at ✽.user enters code in tryEditor from &quot;pythonCode&quot; and 0  then click run , output is printed(file:///C:/Users/dadit/eclipse-workspace/DS-Algo/src/test/resources/features/LinkedList.feature:74)

</div> <!-- stack-trace -->
                  <em>
(Runs Cucumber Scenarios)                  </em>
                </div> <!-- method-content -->
              </div> <!-- method -->
              <div class="method">
                <div class="method-content">
                  <a name="runScenario(&quot;The user is presented with error message for password with characters less than 8&quot;, &quot;user registrat...)">
                  </a> <!-- runScenario("The user is presented with error message for password with characters less than 8", "user registrat...) -->
                  <span class="method-name">runScenario</span>
                  <span class="parameters">("The user is presented with error message for password with characters less than 8","user registration page")</span>
                  <div class="stack-trace">org.openqa.selenium.NoSuchElementException: Unable to locate element: Register
For documentation on this error, please visit: https://selenium.dev/exceptions/#no_such_element
Build info: version: &apos;4.8.0&apos;, revision: &apos;267030adea&apos;
System info: os.name: &apos;Windows 11&apos;, os.arch: &apos;amd64&apos;, os.version: &apos;10.0&apos;, java.version: &apos;17.0.6&apos;
Driver info: org.openqa.selenium.firefox.FirefoxDriver
Command: [cbe76d4a-aad3-426d-bdc5-e05f3eea5d97, findElement {using=link text, value=Register}]
Capabilities {acceptInsecureCerts: true, browserName: firefox, browserVersion: 112.0.2, moz:accessibilityChecks: false, moz:buildID: 20230424110519, moz:debuggerAddress: 127.0.0.1:22539, moz:geckodriverVersion: 0.33.0, moz:headless: false, moz:platformVersion: 10.0, moz:processID: 8648, moz:profile: C:\Users\dadit\AppData\Loca..., moz:shutdownTimeout: 60000, moz:useNonSpecCompliantPointerOrigin: false, moz:webdriverClick: true, moz:windowless: false, pageLoadStrategy: normal, platformName: WINDOWS, proxy: Proxy(), se:cdp: ws://127.0.0.1:22539/devtoo..., se:cdpVersion: 85.0, setWindowRect: true, strictFileInteractability: false, timeouts: {implicit: 0, pageLoad: 300000, script: 30000}, unhandledPromptBehavior: dismiss and notify}
Session ID: cbe76d4a-aad3-426d-bdc5-e05f3eea5d97
	at java.base/jdk.internal.reflect.NativeConstructorAccessorImpl.newInstance0(Native Method)
	at java.base/jdk.internal.reflect.NativeConstructorAccessorImpl.newInstance(NativeConstructorAccessorImpl.java:77)
	at java.base/jdk.internal.reflect.DelegatingConstructorAccessorImpl.newInstance(DelegatingConstructorAccessorImpl.java:45)
	at java.base/java.lang.reflect.Constructor.newInstanceWithCaller(Constructor.java:499)
	at java.base/java.lang.reflect.Constructor.newInstance(Constructor.java:480)
	at org.openqa.selenium.remote.codec.w3c.W3CHttpResponseCodec.createException(W3CHttpResponseCodec.java:200)
	at org.openqa.selenium.remote.codec.w3c.W3CHttpResponseCodec.decode(W3CHttpResponseCodec.java:133)
	at org.openqa.selenium.remote.codec.w3c.W3CHttpResponseCodec.decode(W3CHttpResponseCodec.java:53)
	at org.openqa.selenium.remote.HttpCommandExecutor.execute(HttpCommandExecutor.java:184)
	at org.openqa.selenium.remote.service.DriverCommandExecutor.invokeExecute(DriverCommandExecutor.java:167)
	at org.openqa.selenium.remote.service.DriverCommandExecutor.execute(DriverCommandExecutor.java:142)
	at org.openqa.selenium.remote.RemoteWebDriver.execute(RemoteWebDriver.java:543)
	at org.openqa.selenium.remote.ElementLocation$ElementFinder$2.findElement(ElementLocation.java:162)
	at org.openqa.selenium.remote.ElementLocation.findElement(ElementLocation.java:60)
	at org.openqa.selenium.remote.RemoteWebDriver.findElement(RemoteWebDriver.java:352)
	at org.openqa.selenium.remote.RemoteWebDriver.findElement(RemoteWebDriver.java:344)
	at pages.registerPage.clickRegisterLink(registerPage.java:49)
	at StepDefinition.Register.the_user_enters_and_with_characters_less_than_eight_and_and_user_clicks_register_button(Register.java:125)
	at ✽.The user enters &quot;username&quot; and &quot;password&quot; with characters less than eight and &quot;confirm_password&quot; and user clicks register button(file:///C:/Users/dadit/eclipse-workspace/DS-Algo/src/test/resources/features/Register.feature:63)

</div> <!-- stack-trace -->
                  <em>
(Runs Cucumber Scenarios)                  </em>
                </div> <!-- method-content -->
              </div> <!-- method -->
              <div class="method">
                <div class="method-content">
                  <a name="runScenario(&quot;user does Applications of Binary Trees&quot;, &quot;Tree page&quot;)">
                  </a> <!-- runScenario("user does Applications of Binary Trees", "Tree page") -->
                  <span class="method-name">runScenario</span>
                  <span class="parameters">("user does Applications of Binary Trees","Tree page")</span>
                  <div class="stack-trace">java.lang.Error: Unresolved compilation problems: 
	Unhandled exception type InterruptedException
	Unhandled exception type InvalidFormatException

	at pages.CollectionsPage.enterPythonCode(CollectionsPage.java:258)
	at StepDefinition.Collections.user_enters_code_in_try_editor_from_sheet_number_and_then_click_run_output_is_printed(Collections.java:194)
	at ✽.user enters code in tryEditor from &quot;pythonCode&quot; and 0  then click run , output is printed(file:///C:/Users/dadit/eclipse-workspace/DS-Algo/src/test/resources/features/Tree.feature:125)

</div> <!-- stack-trace -->
                  <em>
(Runs Cucumber Scenarios)                  </em>
                </div> <!-- method-content -->
              </div> <!-- method -->
              <div class="method">
                <div class="method-content">
                  <a name="runScenario(&quot;user does Deletion&quot;, &quot;Linked List page&quot;)">
                  </a> <!-- runScenario("user does Deletion", "Linked List page") -->
                  <span class="method-name">runScenario</span>
                  <span class="parameters">("user does Deletion","Linked List page")</span>
                  <div class="stack-trace">java.lang.Error: Unresolved compilation problems: 
	Unhandled exception type InterruptedException
	Unhandled exception type InvalidFormatException

	at pages.CollectionsPage.enterPythonCode(CollectionsPage.java:258)
	at StepDefinition.Collections.user_enters_code_in_try_editor_from_sheet_number_and_then_click_run_output_is_printed(Collections.java:194)
	at ✽.user enters code in tryEditor from &quot;pythonCode&quot; and 0  then click run , output is printed(file:///C:/Users/dadit/eclipse-workspace/DS-Algo/src/test/resources/features/LinkedList.feature:84)

</div> <!-- stack-trace -->
                  <em>
(Runs Cucumber Scenarios)                  </em>
                </div> <!-- method-content -->
              </div> <!-- method -->
              <div class="method">
                <div class="method-content">
                  <a name="runScenario(&quot;User navigate to Array Practice Page and works in Squares of  a Sorted Array&quot;, &quot;DS Algo ArrayPracti...)">
                  </a> <!-- runScenario("User navigate to Array Practice Page and works in Squares of  a Sorted Array", "DS Algo ArrayPracti...) -->
                  <span class="method-name">runScenario</span>
                  <span class="parameters">("User navigate to Array Practice Page and works in Squares of  a Sorted Array","DS Algo ArrayPractice Page")</span>
                  <div class="stack-trace">io.cucumber.testng.UndefinedStepException: The step &apos;User is in Array Practice homepage&apos; and 4 other step(s) are undefined.
You can implement these steps using the snippet(s) below:

@When(&quot;User is in Array Practice homepage&quot;)
public void user_is_in_array_practice_homepage() {
    // Write code here that turns the phrase above into concrete actions
    throw new io.cucumber.java.PendingException();
}
@When(&quot;User clicks {string} fourth link in the Array Practice list&quot;)
public void user_clicks_fourth_link_in_the_array_practice_list(String string) {
    // Write code here that turns the phrase above into concrete actions
    throw new io.cucumber.java.PendingException();
}
@When(&quot;user clears the text and enter python code&quot;)
public void user_clears_the_text_and_enter_python_code() {
    // Write code here that turns the phrase above into concrete actions
    throw new io.cucumber.java.PendingException();
}
@Then(&quot;user enters python code&quot;)
public void user_enters_python_code(io.cucumber.datatable.DataTable dataTable) {
    // Write code here that turns the phrase above into concrete actions
    // For automatic transformation, change DataTable to one of
    // E, List&lt;E&gt;, List&lt;List&lt;E&gt;&gt;, List&lt;Map&lt;K,V&gt;&gt;, Map&lt;K,V&gt; or
    // Map&lt;K, List&lt;V&gt;&gt;. E,K,V must be a String, Integer, Float,
    // Double, Byte, Short, Long, BigInteger or BigDecimal.
    //
    // For other transformations you can register a DataTableType.
    throw new io.cucumber.java.PendingException();
}
@Then(&quot;user gets the error message&quot;)
public void user_gets_the_error_message() {
    // Write code here that turns the phrase above into concrete actions
    throw new io.cucumber.java.PendingException();
}

	at io.cucumber.core.runtime.TestCaseResultObserver.assertTestCasePassed(TestCaseResultObserver.java:69)
	at io.cucumber.testng.TestCaseResultObserver.assertTestCasePassed(TestCaseResultObserver.java:23)
	at io.cucumber.testng.TestNGCucumberRunner.lambda$runScenario$1(TestNGCucumberRunner.java:133)
	at io.cucumber.core.runtime.CucumberExecutionContext.lambda$runTestCase$5(CucumberExecutionContext.java:130)
	at io.cucumber.core.runtime.RethrowingThrowableCollector.executeAndThrow(RethrowingThrowableCollector.java:23)
	at io.cucumber.core.runtime.CucumberExecutionContext.runTestCase(CucumberExecutionContext.java:130)
	at io.cucumber.testng.TestNGCucumberRunner.runScenario(TestNGCucumberRunner.java:129)
	at io.cucumber.testng.AbstractTestNGCucumberTests.runScenario(AbstractTestNGCucumberTests.java:35)
	at java.base/jdk.internal.reflect.NativeMethodAccessorImpl.invoke0(Native Method)
	at java.base/jdk.internal.reflect.NativeMethodAccessorImpl.invoke(NativeMethodAccessorImpl.java:77)
	at java.base/jdk.internal.reflect.DelegatingMethodAccessorImpl.invoke(DelegatingMethodAccessorImpl.java:43)
	at java.base/java.lang.reflect.Method.invoke(Method.java:568)
	at org.testng.internal.invokers.MethodInvocationHelper.invokeMethod(MethodInvocationHelper.java:139)
	at org.testng.internal.invokers.TestInvoker.invokeMethod(TestInvoker.java:677)
	at org.testng.internal.invokers.TestInvoker.invokeTestMethod(TestInvoker.java:221)
	at org.testng.internal.invokers.MethodRunner.runInSequence(MethodRunner.java:50)
	at org.testng.internal.invokers.TestInvoker$MethodInvocationAgent.invoke(TestInvoker.java:969)
	at org.testng.internal.invokers.TestInvoker.invokeTestMethods(TestInvoker.java:194)
	at org.testng.internal.invokers.TestMethodWorker.invokeTestMethods(TestMethodWorker.java:148)
	at org.testng.internal.invokers.TestMethodWorker.run(TestMethodWorker.java:128)
	at java.base/java.util.ArrayList.forEach(ArrayList.java:1511)
	at org.testng.TestRunner.privateRun(TestRunner.java:829)
	at org.testng.TestRunner.run(TestRunner.java:602)
	at org.testng.SuiteRunner.runTest(SuiteRunner.java:437)
	at org.testng.SuiteRunner.runSequentially(SuiteRunner.java:431)
	at org.testng.SuiteRunner.privateRun(SuiteRunner.java:391)
	at org.testng.SuiteRunner.run(SuiteRunner.java:330)
	at org.testng.SuiteRunnerWorker.runSuite(SuiteRunnerWorker.java:52)
	at org.testng.SuiteRunnerWorker.run(SuiteRunnerWorker.java:95)
	at org.testng.TestNG.runSuitesSequentially(TestNG.java:1256)
	at org.testng.TestNG.runSuitesLocally(TestNG.java:1176)
	at org.testng.TestNG.runSuites(TestNG.java:1099)
	at org.testng.TestNG.run(TestNG.java:1067)
	at org.testng.remote.AbstractRemoteTestNG.run(AbstractRemoteTestNG.java:115)
	at org.testng.remote.RemoteTestNG.initAndRun(RemoteTestNG.java:251)
	at org.testng.remote.RemoteTestNG.main(RemoteTestNG.java:77)

</div> <!-- stack-trace -->
                  <em>
(Runs Cucumber Scenarios)                  </em>
                </div> <!-- method-content -->
              </div> <!-- method -->
              <div class="method">
                <div class="method-content">
                  <a name="runScenario(&quot;user navigate to Tree page and works on Overview of Trees 1st link in the Tree&quot;, &quot;Tree page&quot;)">
                  </a> <!-- runScenario("user navigate to Tree page and works on Overview of Trees 1st link in the Tree", "Tree page") -->
                  <span class="method-name">runScenario</span>
                  <span class="parameters">("user navigate to Tree page and works on Overview of Trees 1st link in the Tree","Tree page")</span>
                  <div class="stack-trace">java.lang.Error: Unresolved compilation problems: 
	Unhandled exception type InterruptedException
	Unhandled exception type InvalidFormatException

	at pages.CollectionsPage.enterPythonCode(CollectionsPage.java:258)
	at StepDefinition.Collections.user_enters_code_in_try_editor_from_sheet_number_and_then_click_run_output_is_printed(Collections.java:194)
	at ✽.user enters code in tryEditor from &quot;pythonCode&quot; and 0  then click run , output is printed(file:///C:/Users/dadit/eclipse-workspace/DS-Algo/src/test/resources/features/Tree.feature:27)

</div> <!-- stack-trace -->
                  <em>
(Runs Cucumber Scenarios)                  </em>
                </div> <!-- method-content -->
              </div> <!-- method -->
              <div class="method">
                <div class="method-content">
                  <a name="runScenario(&quot;user does Implement Linked List in Python&quot;, &quot;Linked List page&quot;)">
                  </a> <!-- runScenario("user does Implement Linked List in Python", "Linked List page") -->
                  <span class="method-name">runScenario</span>
                  <span class="parameters">("user does Implement Linked List in Python","Linked List page")</span>
                  <div class="stack-trace">java.lang.Error: Unresolved compilation problems: 
	Unhandled exception type InterruptedException
	Unhandled exception type InvalidFormatException

	at pages.CollectionsPage.enterPythonCode(CollectionsPage.java:258)
	at StepDefinition.Collections.user_enters_code_in_try_editor_from_sheet_number_and_then_click_run_output_is_printed(Collections.java:194)
	at ✽.user enters code in tryEditor from &quot;pythonCode&quot; and 0  then click run , output is printed(file:///C:/Users/dadit/eclipse-workspace/DS-Algo/src/test/resources/features/LinkedList.feature:54)

</div> <!-- stack-trace -->
                  <em>
(Runs Cucumber Scenarios)                  </em>
                </div> <!-- method-content -->
              </div> <!-- method -->
              <div class="method">
                <div class="method-content">
                  <a name="runScenario(&quot;user navigate to Stack page and works on Operations in Stack&quot;, &quot;Stack page&quot;)">
                  </a> <!-- runScenario("user navigate to Stack page and works on Operations in Stack", "Stack page") -->
                  <span class="method-name">runScenario</span>
                  <span class="parameters">("user navigate to Stack page and works on Operations in Stack","Stack page")</span>
                  <div class="stack-trace">java.lang.Error: Unresolved compilation problems: 
	Unhandled exception type InterruptedException
	Unhandled exception type InvalidFormatException

	at pages.CollectionsPage.enterPythonCode(CollectionsPage.java:258)
	at StepDefinition.Collections.user_enters_code_in_try_editor_from_sheet_number_and_then_click_run_output_is_printed(Collections.java:194)
	at ✽.user enters code in tryEditor from &quot;pythonCode&quot; and 0  then click run , output is printed(file:///C:/Users/dadit/eclipse-workspace/DS-Algo/src/test/resources/features/Stack.feature:27)

</div> <!-- stack-trace -->
                  <em>
(Runs Cucumber Scenarios)                  </em>
                </div> <!-- method-content -->
              </div> <!-- method -->
              <div class="method">
                <div class="method-content">
                  <a name="runScenario(&quot;user does Applications&quot;, &quot;Stack page&quot;)">
                  </a> <!-- runScenario("user does Applications", "Stack page") -->
                  <span class="method-name">runScenario</span>
                  <span class="parameters">("user does Applications","Stack page")</span>
                  <div class="stack-trace">java.lang.Error: Unresolved compilation problems: 
	Unhandled exception type InterruptedException
	Unhandled exception type InvalidFormatException

	at pages.CollectionsPage.enterPythonCode(CollectionsPage.java:258)
	at StepDefinition.Collections.user_enters_code_in_try_editor_from_sheet_number_and_then_click_run_output_is_printed(Collections.java:194)
	at ✽.user enters code in tryEditor from &quot;pythonCode&quot; and 0  then click run , output is printed(file:///C:/Users/dadit/eclipse-workspace/DS-Algo/src/test/resources/features/Stack.feature:47)

</div> <!-- stack-trace -->
                  <em>
(Runs Cucumber Scenarios)                  </em>
                </div> <!-- method-content -->
              </div> <!-- method -->
              <div class="method">
                <div class="method-content">
                  <a name="runScenario(&quot;The user is presented with error message for invalid username&quot;, &quot;user registration page&quot;)">
                  </a> <!-- runScenario("The user is presented with error message for invalid username", "user registration page") -->
                  <span class="method-name">runScenario</span>
                  <span class="parameters">("The user is presented with error message for invalid username","user registration page")</span>
                  <div class="stack-trace">org.openqa.selenium.NoSuchElementException: Unable to locate element: Register
For documentation on this error, please visit: https://selenium.dev/exceptions/#no_such_element
Build info: version: &apos;4.8.0&apos;, revision: &apos;267030adea&apos;
System info: os.name: &apos;Windows 11&apos;, os.arch: &apos;amd64&apos;, os.version: &apos;10.0&apos;, java.version: &apos;17.0.6&apos;
Driver info: org.openqa.selenium.firefox.FirefoxDriver
Command: [cbe76d4a-aad3-426d-bdc5-e05f3eea5d97, findElement {using=link text, value=Register}]
Capabilities {acceptInsecureCerts: true, browserName: firefox, browserVersion: 112.0.2, moz:accessibilityChecks: false, moz:buildID: 20230424110519, moz:debuggerAddress: 127.0.0.1:22539, moz:geckodriverVersion: 0.33.0, moz:headless: false, moz:platformVersion: 10.0, moz:processID: 8648, moz:profile: C:\Users\dadit\AppData\Loca..., moz:shutdownTimeout: 60000, moz:useNonSpecCompliantPointerOrigin: false, moz:webdriverClick: true, moz:windowless: false, pageLoadStrategy: normal, platformName: WINDOWS, proxy: Proxy(), se:cdp: ws://127.0.0.1:22539/devtoo..., se:cdpVersion: 85.0, setWindowRect: true, strictFileInteractability: false, timeouts: {implicit: 0, pageLoad: 300000, script: 30000}, unhandledPromptBehavior: dismiss and notify}
Session ID: cbe76d4a-aad3-426d-bdc5-e05f3eea5d97
	at java.base/jdk.internal.reflect.NativeConstructorAccessorImpl.newInstance0(Native Method)
	at java.base/jdk.internal.reflect.NativeConstructorAccessorImpl.newInstance(NativeConstructorAccessorImpl.java:77)
	at java.base/jdk.internal.reflect.DelegatingConstructorAccessorImpl.newInstance(DelegatingConstructorAccessorImpl.java:45)
	at java.base/java.lang.reflect.Constructor.newInstanceWithCaller(Constructor.java:499)
	at java.base/java.lang.reflect.Constructor.newInstance(Constructor.java:480)
	at org.openqa.selenium.remote.codec.w3c.W3CHttpResponseCodec.createException(W3CHttpResponseCodec.java:200)
	at org.openqa.selenium.remote.codec.w3c.W3CHttpResponseCodec.decode(W3CHttpResponseCodec.java:133)
	at org.openqa.selenium.remote.codec.w3c.W3CHttpResponseCodec.decode(W3CHttpResponseCodec.java:53)
	at org.openqa.selenium.remote.HttpCommandExecutor.execute(HttpCommandExecutor.java:184)
	at org.openqa.selenium.remote.service.DriverCommandExecutor.invokeExecute(DriverCommandExecutor.java:167)
	at org.openqa.selenium.remote.service.DriverCommandExecutor.execute(DriverCommandExecutor.java:142)
	at org.openqa.selenium.remote.RemoteWebDriver.execute(RemoteWebDriver.java:543)
	at org.openqa.selenium.remote.ElementLocation$ElementFinder$2.findElement(ElementLocation.java:162)
	at org.openqa.selenium.remote.ElementLocation.findElement(ElementLocation.java:60)
	at org.openqa.selenium.remote.RemoteWebDriver.findElement(RemoteWebDriver.java:352)
	at org.openqa.selenium.remote.RemoteWebDriver.findElement(RemoteWebDriver.java:344)
	at pages.registerPage.clickRegisterLink(registerPage.java:49)
	at StepDefinition.Register.the_user_enters_a_with_characters_other_than_letters_digits_and_with_and_and_user_clicks_register_button(Register.java:96)
	at ✽.The user enters a &quot;username&quot; with characters other than Letters, digits and @/./+/-/_   with &quot;password&quot; and &quot;confirm_password&quot; and user clicks register button(file:///C:/Users/dadit/eclipse-workspace/DS-Algo/src/test/resources/features/Register.feature:47)

</div> <!-- stack-trace -->
                  <em>
(Runs Cucumber Scenarios)                  </em>
                </div> <!-- method-content -->
              </div> <!-- method -->
              <div class="method">
                <div class="method-content">
                  <a name="runScenario(&quot;Getting register into page with username and password&quot;, &quot;user registration page&quot;)">
                  </a> <!-- runScenario("Getting register into page with username and password", "user registration page") -->
                  <span class="method-name">runScenario</span>
                  <span class="parameters">("Getting register into page with username and password","user registration page")</span>
                  <div class="stack-trace">org.openqa.selenium.NoSuchElementException: Unable to locate element: Register
For documentation on this error, please visit: https://selenium.dev/exceptions/#no_such_element
Build info: version: &apos;4.8.0&apos;, revision: &apos;267030adea&apos;
System info: os.name: &apos;Windows 11&apos;, os.arch: &apos;amd64&apos;, os.version: &apos;10.0&apos;, java.version: &apos;17.0.6&apos;
Driver info: org.openqa.selenium.firefox.FirefoxDriver
Command: [cbe76d4a-aad3-426d-bdc5-e05f3eea5d97, findElement {using=link text, value=Register}]
Capabilities {acceptInsecureCerts: true, browserName: firefox, browserVersion: 112.0.2, moz:accessibilityChecks: false, moz:buildID: 20230424110519, moz:debuggerAddress: 127.0.0.1:22539, moz:geckodriverVersion: 0.33.0, moz:headless: false, moz:platformVersion: 10.0, moz:processID: 8648, moz:profile: C:\Users\dadit\AppData\Loca..., moz:shutdownTimeout: 60000, moz:useNonSpecCompliantPointerOrigin: false, moz:webdriverClick: true, moz:windowless: false, pageLoadStrategy: normal, platformName: WINDOWS, proxy: Proxy(), se:cdp: ws://127.0.0.1:22539/devtoo..., se:cdpVersion: 85.0, setWindowRect: true, strictFileInteractability: false, timeouts: {implicit: 0, pageLoad: 300000, script: 30000}, unhandledPromptBehavior: dismiss and notify}
Session ID: cbe76d4a-aad3-426d-bdc5-e05f3eea5d97
	at java.base/jdk.internal.reflect.NativeConstructorAccessorImpl.newInstance0(Native Method)
	at java.base/jdk.internal.reflect.NativeConstructorAccessorImpl.newInstance(NativeConstructorAccessorImpl.java:77)
	at java.base/jdk.internal.reflect.DelegatingConstructorAccessorImpl.newInstance(DelegatingConstructorAccessorImpl.java:45)
	at java.base/java.lang.reflect.Constructor.newInstanceWithCaller(Constructor.java:499)
	at java.base/java.lang.reflect.Constructor.newInstance(Constructor.java:480)
	at org.openqa.selenium.remote.codec.w3c.W3CHttpResponseCodec.createException(W3CHttpResponseCodec.java:200)
	at org.openqa.selenium.remote.codec.w3c.W3CHttpResponseCodec.decode(W3CHttpResponseCodec.java:133)
	at org.openqa.selenium.remote.codec.w3c.W3CHttpResponseCodec.decode(W3CHttpResponseCodec.java:53)
	at org.openqa.selenium.remote.HttpCommandExecutor.execute(HttpCommandExecutor.java:184)
	at org.openqa.selenium.remote.service.DriverCommandExecutor.invokeExecute(DriverCommandExecutor.java:167)
	at org.openqa.selenium.remote.service.DriverCommandExecutor.execute(DriverCommandExecutor.java:142)
	at org.openqa.selenium.remote.RemoteWebDriver.execute(RemoteWebDriver.java:543)
	at org.openqa.selenium.remote.ElementLocation$ElementFinder$2.findElement(ElementLocation.java:162)
	at org.openqa.selenium.remote.ElementLocation.findElement(ElementLocation.java:60)
	at org.openqa.selenium.remote.RemoteWebDriver.findElement(RemoteWebDriver.java:352)
	at org.openqa.selenium.remote.RemoteWebDriver.findElement(RemoteWebDriver.java:344)
	at pages.registerPage.register_link(registerPage.java:147)
	at StepDefinition.Register.the_user_clicks_register_button_after_entering_and(Register.java:148)
	at ✽.The user clicks Register button after entering &quot;user95name&quot;, &quot;sdet&quot; and &quot;sdet95batch&quot;(file:///C:/Users/dadit/eclipse-workspace/DS-Algo/src/test/resources/features/Register.feature:79)

</div> <!-- stack-trace -->
                  <em>
(Runs Cucumber Scenarios)                  </em>
                </div> <!-- method-content -->
              </div> <!-- method -->
              <div class="method">
                <div class="method-content">
                  <a name="runScenario(&quot;user does Implementation of Binary Trees&quot;, &quot;Tree page&quot;)">
                  </a> <!-- runScenario("user does Implementation of Binary Trees", "Tree page") -->
                  <span class="method-name">runScenario</span>
                  <span class="parameters">("user does Implementation of Binary Trees","Tree page")</span>
                  <div class="stack-trace">java.lang.Error: Unresolved compilation problems: 
	Unhandled exception type InterruptedException
	Unhandled exception type InvalidFormatException

	at pages.CollectionsPage.enterPythonCode(CollectionsPage.java:258)
	at StepDefinition.Collections.user_enters_code_in_try_editor_from_sheet_number_and_then_click_run_output_is_printed(Collections.java:194)
	at ✽.user enters code in tryEditor from &quot;pythonCode&quot; and 0  then click run , output is printed(file:///C:/Users/dadit/eclipse-workspace/DS-Algo/src/test/resources/features/Tree.feature:115)

</div> <!-- stack-trace -->
                  <em>
(Runs Cucumber Scenarios)                  </em>
                </div> <!-- method-content -->
              </div> <!-- method -->
              <div class="method">
                <div class="method-content">
                  <a name="runScenario(&quot;user does Traversal-Illustration&quot;, &quot;Tree page&quot;)">
                  </a> <!-- runScenario("user does Traversal-Illustration", "Tree page") -->
                  <span class="method-name">runScenario</span>
                  <span class="parameters">("user does Traversal-Illustration","Tree page")</span>
                  <div class="stack-trace">java.lang.Error: Unresolved compilation problems: 
	Unhandled exception type InterruptedException
	Unhandled exception type InvalidFormatException

	at pages.CollectionsPage.enterPythonCode(CollectionsPage.java:258)
	at StepDefinition.Collections.user_enters_code_in_try_editor_from_sheet_number_and_then_click_run_output_is_printed(Collections.java:194)
	at ✽.user enters code in tryEditor from &quot;pythonCode&quot; and 0  then click run , output is printed(file:///C:/Users/dadit/eclipse-workspace/DS-Algo/src/test/resources/features/Tree.feature:65)

</div> <!-- stack-trace -->
                  <em>
(Runs Cucumber Scenarios)                  </em>
                </div> <!-- method-content -->
              </div> <!-- method -->
              <div class="method">
                <div class="method-content">
                  <a name="runScenario(&quot;user navigate to datastructure page&quot;, &quot;DataStructure page&quot;)">
                  </a> <!-- runScenario("user navigate to datastructure page", "DataStructure page") -->
                  <span class="method-name">runScenario</span>
                  <span class="parameters">("user navigate to datastructure page","DataStructure page")</span>
                  <div class="stack-trace">java.io.FileNotFoundException: .src\test\resources\config.properties (The system cannot find the path specified)
	at java.base/java.io.FileInputStream.open0(Native Method)
	at java.base/java.io.FileInputStream.open(FileInputStream.java:216)
	at java.base/java.io.FileInputStream.&lt;init&gt;(FileInputStream.java:157)
	at java.base/java.io.FileInputStream.&lt;init&gt;(FileInputStream.java:111)
	at pages.CollectionsPage.loginWithUernamePwd(CollectionsPage.java:442)
	at StepDefinition.Collections.user_login_with_username_and_password_given_through_config(Collections.java:442)
	at ✽.user login with username &quot;USERNAME&quot; and password &quot;PASSWORD&quot; given through config(file:///C:/Users/dadit/eclipse-workspace/DS-Algo/src/test/resources/features/DataStructure.feature:6)

</div> <!-- stack-trace -->
                  <em>
(Runs Cucumber Scenarios)                  </em>
                </div> <!-- method-content -->
              </div> <!-- method -->
              <div class="method">
                <div class="method-content">
                  <a name="runScenario(&quot;The user is presented with error message for password with only numbers&quot;, &quot;user registration page&quot;)">
                  </a> <!-- runScenario("The user is presented with error message for password with only numbers", "user registration page") -->
                  <span class="method-name">runScenario</span>
                  <span class="parameters">("The user is presented with error message for password with only numbers","user registration page")</span>
                  <div class="stack-trace">org.openqa.selenium.NoSuchElementException: Unable to locate element: Register
For documentation on this error, please visit: https://selenium.dev/exceptions/#no_such_element
Build info: version: &apos;4.8.0&apos;, revision: &apos;267030adea&apos;
System info: os.name: &apos;Windows 11&apos;, os.arch: &apos;amd64&apos;, os.version: &apos;10.0&apos;, java.version: &apos;17.0.6&apos;
Driver info: org.openqa.selenium.firefox.FirefoxDriver
Command: [cbe76d4a-aad3-426d-bdc5-e05f3eea5d97, findElement {using=link text, value=Register}]
Capabilities {acceptInsecureCerts: true, browserName: firefox, browserVersion: 112.0.2, moz:accessibilityChecks: false, moz:buildID: 20230424110519, moz:debuggerAddress: 127.0.0.1:22539, moz:geckodriverVersion: 0.33.0, moz:headless: false, moz:platformVersion: 10.0, moz:processID: 8648, moz:profile: C:\Users\dadit\AppData\Loca..., moz:shutdownTimeout: 60000, moz:useNonSpecCompliantPointerOrigin: false, moz:webdriverClick: true, moz:windowless: false, pageLoadStrategy: normal, platformName: WINDOWS, proxy: Proxy(), se:cdp: ws://127.0.0.1:22539/devtoo..., se:cdpVersion: 85.0, setWindowRect: true, strictFileInteractability: false, timeouts: {implicit: 0, pageLoad: 300000, script: 30000}, unhandledPromptBehavior: dismiss and notify}
Session ID: cbe76d4a-aad3-426d-bdc5-e05f3eea5d97
	at java.base/jdk.internal.reflect.NativeConstructorAccessorImpl.newInstance0(Native Method)
	at java.base/jdk.internal.reflect.NativeConstructorAccessorImpl.newInstance(NativeConstructorAccessorImpl.java:77)
	at java.base/jdk.internal.reflect.DelegatingConstructorAccessorImpl.newInstance(DelegatingConstructorAccessorImpl.java:45)
	at java.base/java.lang.reflect.Constructor.newInstanceWithCaller(Constructor.java:499)
	at java.base/java.lang.reflect.Constructor.newInstance(Constructor.java:480)
	at org.openqa.selenium.remote.codec.w3c.W3CHttpResponseCodec.createException(W3CHttpResponseCodec.java:200)
	at org.openqa.selenium.remote.codec.w3c.W3CHttpResponseCodec.decode(W3CHttpResponseCodec.java:133)
	at org.openqa.selenium.remote.codec.w3c.W3CHttpResponseCodec.decode(W3CHttpResponseCodec.java:53)
	at org.openqa.selenium.remote.HttpCommandExecutor.execute(HttpCommandExecutor.java:184)
	at org.openqa.selenium.remote.service.DriverCommandExecutor.invokeExecute(DriverCommandExecutor.java:167)
	at org.openqa.selenium.remote.service.DriverCommandExecutor.execute(DriverCommandExecutor.java:142)
	at org.openqa.selenium.remote.RemoteWebDriver.execute(RemoteWebDriver.java:543)
	at org.openqa.selenium.remote.ElementLocation$ElementFinder$2.findElement(ElementLocation.java:162)
	at org.openqa.selenium.remote.ElementLocation.findElement(ElementLocation.java:60)
	at org.openqa.selenium.remote.RemoteWebDriver.findElement(RemoteWebDriver.java:352)
	at org.openqa.selenium.remote.RemoteWebDriver.findElement(RemoteWebDriver.java:344)
	at pages.registerPage.clickRegisterLink(registerPage.java:49)
	at StepDefinition.Register.the_user_enters_and_with_only_numbers_and_and_user_clicks_register_button(Register.java:137)
	at ✽.The user enters &quot;username&quot; and   &quot;password&quot; with only numbers and &quot;confirm_password&quot; and user clicks register button(file:///C:/Users/dadit/eclipse-workspace/DS-Algo/src/test/resources/features/Register.feature:71)

</div> <!-- stack-trace -->
                  <em>
(Runs Cucumber Scenarios)                  </em>
                </div> <!-- method-content -->
              </div> <!-- method -->
              <div class="method">
                <div class="method-content">
                  <a name="runScenario(&quot;Getting register into page with username and password&quot;, &quot;user registration page&quot;)">
                  </a> <!-- runScenario("Getting register into page with username and password", "user registration page") -->
                  <span class="method-name">runScenario</span>
                  <span class="parameters">("Getting register into page with username and password","user registration page")</span>
                  <div class="stack-trace">org.openqa.selenium.NoSuchElementException: Unable to locate element: Register
For documentation on this error, please visit: https://selenium.dev/exceptions/#no_such_element
Build info: version: &apos;4.8.0&apos;, revision: &apos;267030adea&apos;
System info: os.name: &apos;Windows 11&apos;, os.arch: &apos;amd64&apos;, os.version: &apos;10.0&apos;, java.version: &apos;17.0.6&apos;
Driver info: org.openqa.selenium.firefox.FirefoxDriver
Command: [cbe76d4a-aad3-426d-bdc5-e05f3eea5d97, findElement {using=link text, value=Register}]
Capabilities {acceptInsecureCerts: true, browserName: firefox, browserVersion: 112.0.2, moz:accessibilityChecks: false, moz:buildID: 20230424110519, moz:debuggerAddress: 127.0.0.1:22539, moz:geckodriverVersion: 0.33.0, moz:headless: false, moz:platformVersion: 10.0, moz:processID: 8648, moz:profile: C:\Users\dadit\AppData\Loca..., moz:shutdownTimeout: 60000, moz:useNonSpecCompliantPointerOrigin: false, moz:webdriverClick: true, moz:windowless: false, pageLoadStrategy: normal, platformName: WINDOWS, proxy: Proxy(), se:cdp: ws://127.0.0.1:22539/devtoo..., se:cdpVersion: 85.0, setWindowRect: true, strictFileInteractability: false, timeouts: {implicit: 0, pageLoad: 300000, script: 30000}, unhandledPromptBehavior: dismiss and notify}
Session ID: cbe76d4a-aad3-426d-bdc5-e05f3eea5d97
	at java.base/jdk.internal.reflect.NativeConstructorAccessorImpl.newInstance0(Native Method)
	at java.base/jdk.internal.reflect.NativeConstructorAccessorImpl.newInstance(NativeConstructorAccessorImpl.java:77)
	at java.base/jdk.internal.reflect.DelegatingConstructorAccessorImpl.newInstance(DelegatingConstructorAccessorImpl.java:45)
	at java.base/java.lang.reflect.Constructor.newInstanceWithCaller(Constructor.java:499)
	at java.base/java.lang.reflect.Constructor.newInstance(Constructor.java:480)
	at org.openqa.selenium.remote.codec.w3c.W3CHttpResponseCodec.createException(W3CHttpResponseCodec.java:200)
	at org.openqa.selenium.remote.codec.w3c.W3CHttpResponseCodec.decode(W3CHttpResponseCodec.java:133)
	at org.openqa.selenium.remote.codec.w3c.W3CHttpResponseCodec.decode(W3CHttpResponseCodec.java:53)
	at org.openqa.selenium.remote.HttpCommandExecutor.execute(HttpCommandExecutor.java:184)
	at org.openqa.selenium.remote.service.DriverCommandExecutor.invokeExecute(DriverCommandExecutor.java:167)
	at org.openqa.selenium.remote.service.DriverCommandExecutor.execute(DriverCommandExecutor.java:142)
	at org.openqa.selenium.remote.RemoteWebDriver.execute(RemoteWebDriver.java:543)
	at org.openqa.selenium.remote.ElementLocation$ElementFinder$2.findElement(ElementLocation.java:162)
	at org.openqa.selenium.remote.ElementLocation.findElement(ElementLocation.java:60)
	at org.openqa.selenium.remote.RemoteWebDriver.findElement(RemoteWebDriver.java:352)
	at org.openqa.selenium.remote.RemoteWebDriver.findElement(RemoteWebDriver.java:344)
	at pages.registerPage.register_link(registerPage.java:147)
	at StepDefinition.Register.the_user_clicks_register_button_after_entering_and(Register.java:148)
	at ✽.The user clicks Register button after entering &quot;Numpyninja95AT&quot;, &quot;sdet95batchAT&quot; and &quot;sdet95batchAT&quot;(file:///C:/Users/dadit/eclipse-workspace/DS-Algo/src/test/resources/features/Register.feature:79)

</div> <!-- stack-trace -->
                  <em>
(Runs Cucumber Scenarios)                  </em>
                </div> <!-- method-content -->
              </div> <!-- method -->
              <div class="method">
                <div class="method-content">
                  <a name="runScenario(&quot;user does Terminologies in Trees&quot;, &quot;Tree page&quot;)">
                  </a> <!-- runScenario("user does Terminologies in Trees", "Tree page") -->
                  <span class="method-name">runScenario</span>
                  <span class="parameters">("user does Terminologies in Trees","Tree page")</span>
                  <div class="stack-trace">java.lang.Error: Unresolved compilation problems: 
	Unhandled exception type InterruptedException
	Unhandled exception type InvalidFormatException

	at pages.CollectionsPage.enterPythonCode(CollectionsPage.java:258)
	at StepDefinition.Collections.user_enters_code_in_try_editor_from_sheet_number_and_then_click_run_output_is_printed(Collections.java:194)
	at ✽.user enters code in tryEditor from &quot;pythonCode&quot; and 0  then click run , output is printed(file:///C:/Users/dadit/eclipse-workspace/DS-Algo/src/test/resources/features/Tree.feature:36)

</div> <!-- stack-trace -->
                  <em>
(Runs Cucumber Scenarios)                  </em>
                </div> <!-- method-content -->
              </div> <!-- method -->
              <div class="method">
                <div class="method-content">
                  <a name="runScenario(&quot;user does Types of Linked Lists&quot;, &quot;Linked List page&quot;)">
                  </a> <!-- runScenario("user does Types of Linked Lists", "Linked List page") -->
                  <span class="method-name">runScenario</span>
                  <span class="parameters">("user does Types of Linked Lists","Linked List page")</span>
                  <div class="stack-trace">java.lang.Error: Unresolved compilation problems: 
	Unhandled exception type InterruptedException
	Unhandled exception type InvalidFormatException

	at pages.CollectionsPage.enterPythonCode(CollectionsPage.java:258)
	at StepDefinition.Collections.user_enters_code_in_try_editor_from_sheet_number_and_then_click_run_output_is_printed(Collections.java:194)
	at ✽.user enters code in tryEditor from &quot;pythonCode&quot; and 0  then click run , output is printed(file:///C:/Users/dadit/eclipse-workspace/DS-Algo/src/test/resources/features/LinkedList.feature:45)

</div> <!-- stack-trace -->
                  <em>
(Runs Cucumber Scenarios)                  </em>
                </div> <!-- method-content -->
              </div> <!-- method -->
              <div class="method">
                <div class="method-content">
                  <a name="runScenario(&quot;The user is presented with error message for existing username&quot;, &quot;user registration page&quot;)">
                  </a> <!-- runScenario("The user is presented with error message for existing username", "user registration page") -->
                  <span class="method-name">runScenario</span>
                  <span class="parameters">("The user is presented with error message for existing username","user registration page")</span>
                  <div class="stack-trace">org.openqa.selenium.NoSuchElementException: Unable to locate element: Register
For documentation on this error, please visit: https://selenium.dev/exceptions/#no_such_element
Build info: version: &apos;4.8.0&apos;, revision: &apos;267030adea&apos;
System info: os.name: &apos;Windows 11&apos;, os.arch: &apos;amd64&apos;, os.version: &apos;10.0&apos;, java.version: &apos;17.0.6&apos;
Driver info: org.openqa.selenium.firefox.FirefoxDriver
Command: [cbe76d4a-aad3-426d-bdc5-e05f3eea5d97, findElement {using=link text, value=Register}]
Capabilities {acceptInsecureCerts: true, browserName: firefox, browserVersion: 112.0.2, moz:accessibilityChecks: false, moz:buildID: 20230424110519, moz:debuggerAddress: 127.0.0.1:22539, moz:geckodriverVersion: 0.33.0, moz:headless: false, moz:platformVersion: 10.0, moz:processID: 8648, moz:profile: C:\Users\dadit\AppData\Loca..., moz:shutdownTimeout: 60000, moz:useNonSpecCompliantPointerOrigin: false, moz:webdriverClick: true, moz:windowless: false, pageLoadStrategy: normal, platformName: WINDOWS, proxy: Proxy(), se:cdp: ws://127.0.0.1:22539/devtoo..., se:cdpVersion: 85.0, setWindowRect: true, strictFileInteractability: false, timeouts: {implicit: 0, pageLoad: 300000, script: 30000}, unhandledPromptBehavior: dismiss and notify}
Session ID: cbe76d4a-aad3-426d-bdc5-e05f3eea5d97
	at java.base/jdk.internal.reflect.NativeConstructorAccessorImpl.newInstance0(Native Method)
	at java.base/jdk.internal.reflect.NativeConstructorAccessorImpl.newInstance(NativeConstructorAccessorImpl.java:77)
	at java.base/jdk.internal.reflect.DelegatingConstructorAccessorImpl.newInstance(DelegatingConstructorAccessorImpl.java:45)
	at java.base/java.lang.reflect.Constructor.newInstanceWithCaller(Constructor.java:499)
	at java.base/java.lang.reflect.Constructor.newInstance(Constructor.java:480)
	at org.openqa.selenium.remote.codec.w3c.W3CHttpResponseCodec.createException(W3CHttpResponseCodec.java:200)
	at org.openqa.selenium.remote.codec.w3c.W3CHttpResponseCodec.decode(W3CHttpResponseCodec.java:133)
	at org.openqa.selenium.remote.codec.w3c.W3CHttpResponseCodec.decode(W3CHttpResponseCodec.java:53)
	at org.openqa.selenium.remote.HttpCommandExecutor.execute(HttpCommandExecutor.java:184)
	at org.openqa.selenium.remote.service.DriverCommandExecutor.invokeExecute(DriverCommandExecutor.java:167)
	at org.openqa.selenium.remote.service.DriverCommandExecutor.execute(DriverCommandExecutor.java:142)
	at org.openqa.selenium.remote.RemoteWebDriver.execute(RemoteWebDriver.java:543)
	at org.openqa.selenium.remote.ElementLocation$ElementFinder$2.findElement(ElementLocation.java:162)
	at org.openqa.selenium.remote.ElementLocation.findElement(ElementLocation.java:60)
	at org.openqa.selenium.remote.RemoteWebDriver.findElement(RemoteWebDriver.java:352)
	at org.openqa.selenium.remote.RemoteWebDriver.findElement(RemoteWebDriver.java:344)
	at pages.registerPage.clickRegisterLink(registerPage.java:49)
	at StepDefinition.Register.the_user_enters_a_valid_existing_with_and(Register.java:168)
	at ✽.The user enters a valid existing &quot;username&quot; with &quot;password&quot; and &quot;confirm_password&quot;(file:///C:/Users/dadit/eclipse-workspace/DS-Algo/src/test/resources/features/Register.feature:89)

</div> <!-- stack-trace -->
                  <em>
(Runs Cucumber Scenarios)                  </em>
                </div> <!-- method-content -->
              </div> <!-- method -->
              <div class="method">
                <div class="method-content">
                  <a name="runScenario(&quot;Opeing DS-Algo portal link&quot;, &quot;DS-ALGO Project&quot;)">
                  </a> <!-- runScenario("Opeing DS-Algo portal link", "DS-ALGO Project") -->
                  <span class="method-name">runScenario</span>
                  <span class="parameters">("Opeing DS-Algo portal link","DS-ALGO Project")</span>
                  <div class="stack-trace">org.openqa.selenium.NoSuchElementException: Unable to locate element: //*[@class=&apos;alert alert-primary&apos;]
For documentation on this error, please visit: https://selenium.dev/exceptions/#no_such_element
Build info: version: &apos;4.8.0&apos;, revision: &apos;267030adea&apos;
System info: os.name: &apos;Windows 11&apos;, os.arch: &apos;amd64&apos;, os.version: &apos;10.0&apos;, java.version: &apos;17.0.6&apos;
Driver info: org.openqa.selenium.firefox.FirefoxDriver
Command: [cbe76d4a-aad3-426d-bdc5-e05f3eea5d97, findElement {using=xpath, value=//*[@class=&apos;alert alert-primary&apos;]}]
Capabilities {acceptInsecureCerts: true, browserName: firefox, browserVersion: 112.0.2, moz:accessibilityChecks: false, moz:buildID: 20230424110519, moz:debuggerAddress: 127.0.0.1:22539, moz:geckodriverVersion: 0.33.0, moz:headless: false, moz:platformVersion: 10.0, moz:processID: 8648, moz:profile: C:\Users\dadit\AppData\Loca..., moz:shutdownTimeout: 60000, moz:useNonSpecCompliantPointerOrigin: false, moz:webdriverClick: true, moz:windowless: false, pageLoadStrategy: normal, platformName: WINDOWS, proxy: Proxy(), se:cdp: ws://127.0.0.1:22539/devtoo..., se:cdpVersion: 85.0, setWindowRect: true, strictFileInteractability: false, timeouts: {implicit: 0, pageLoad: 300000, script: 30000}, unhandledPromptBehavior: dismiss and notify}
Session ID: cbe76d4a-aad3-426d-bdc5-e05f3eea5d97
	at java.base/jdk.internal.reflect.NativeConstructorAccessorImpl.newInstance0(Native Method)
	at java.base/jdk.internal.reflect.NativeConstructorAccessorImpl.newInstance(NativeConstructorAccessorImpl.java:77)
	at java.base/jdk.internal.reflect.DelegatingConstructorAccessorImpl.newInstance(DelegatingConstructorAccessorImpl.java:45)
	at java.base/java.lang.reflect.Constructor.newInstanceWithCaller(Constructor.java:499)
	at java.base/java.lang.reflect.Constructor.newInstance(Constructor.java:480)
	at org.openqa.selenium.remote.codec.w3c.W3CHttpResponseCodec.createException(W3CHttpResponseCodec.java:200)
	at org.openqa.selenium.remote.codec.w3c.W3CHttpResponseCodec.decode(W3CHttpResponseCodec.java:133)
	at org.openqa.selenium.remote.codec.w3c.W3CHttpResponseCodec.decode(W3CHttpResponseCodec.java:53)
	at org.openqa.selenium.remote.HttpCommandExecutor.execute(HttpCommandExecutor.java:184)
	at org.openqa.selenium.remote.service.DriverCommandExecutor.invokeExecute(DriverCommandExecutor.java:167)
	at org.openqa.selenium.remote.service.DriverCommandExecutor.execute(DriverCommandExecutor.java:142)
	at org.openqa.selenium.remote.RemoteWebDriver.execute(RemoteWebDriver.java:543)
	at org.openqa.selenium.remote.ElementLocation$ElementFinder$2.findElement(ElementLocation.java:162)
	at org.openqa.selenium.remote.ElementLocation.findElement(ElementLocation.java:60)
	at org.openqa.selenium.remote.RemoteWebDriver.findElement(RemoteWebDriver.java:352)
	at org.openqa.selenium.remote.RemoteWebDriver.findElement(RemoteWebDriver.java:344)
	at org.openqa.selenium.support.pagefactory.DefaultElementLocator.findElement(DefaultElementLocator.java:70)
	at org.openqa.selenium.support.pagefactory.internal.LocatingElementHandler.invoke(LocatingElementHandler.java:39)
	at jdk.proxy2/jdk.proxy2.$Proxy45.getText(Unknown Source)
	at pages.CollectionsPage.errorMessage(CollectionsPage.java:170)
	at StepDefinition.Collections.user_get_alert_message(Collections.java:74)
	at ✽.user get alert message &quot;you are not logged in&quot;(file:///C:/Users/dadit/eclipse-workspace/DS-Algo/src/test/resources/features/MainPage.feature:30)

</div> <!-- stack-trace -->
                  <em>
(Runs Cucumber Scenarios)                  </em>
                </div> <!-- method-content -->
              </div> <!-- method -->
              <div class="method">
                <div class="method-content">
                  <a name="runScenario(&quot;User navigate to Array Practice Page and works in Find Numbers with Even Number of Digits&quot;, &quot;DS Alg...)">
                  </a> <!-- runScenario("User navigate to Array Practice Page and works in Find Numbers with Even Number of Digits", "DS Alg...) -->
                  <span class="method-name">runScenario</span>
                  <span class="parameters">("User navigate to Array Practice Page and works in Find Numbers with Even Number of Digits","DS Algo ArrayPractice Page")</span>
                  <div class="stack-trace">io.cucumber.testng.UndefinedStepException: The step &apos;User is in Array Practice homepage&apos; and 3 other step(s) are undefined.
You can implement these steps using the snippet(s) below:

@When(&quot;User is in Array Practice homepage&quot;)
public void user_is_in_array_practice_homepage() {
    // Write code here that turns the phrase above into concrete actions
    throw new io.cucumber.java.PendingException();
}
@When(&quot;User clicks {string} third link in the Array Practice list&quot;)
public void user_clicks_third_link_in_the_array_practice_list(String string) {
    // Write code here that turns the phrase above into concrete actions
    throw new io.cucumber.java.PendingException();
}
@When(&quot;user clears the text and enter python code&quot;)
public void user_clears_the_text_and_enter_python_code() {
    // Write code here that turns the phrase above into concrete actions
    throw new io.cucumber.java.PendingException();
}
@Then(&quot;user enters python code&quot;)
public void user_enters_python_code(io.cucumber.datatable.DataTable dataTable) {
    // Write code here that turns the phrase above into concrete actions
    // For automatic transformation, change DataTable to one of
    // E, List&lt;E&gt;, List&lt;List&lt;E&gt;&gt;, List&lt;Map&lt;K,V&gt;&gt;, Map&lt;K,V&gt; or
    // Map&lt;K, List&lt;V&gt;&gt;. E,K,V must be a String, Integer, Float,
    // Double, Byte, Short, Long, BigInteger or BigDecimal.
    //
    // For other transformations you can register a DataTableType.
    throw new io.cucumber.java.PendingException();
}

	at io.cucumber.core.runtime.TestCaseResultObserver.assertTestCasePassed(TestCaseResultObserver.java:69)
	at io.cucumber.testng.TestCaseResultObserver.assertTestCasePassed(TestCaseResultObserver.java:23)
	at io.cucumber.testng.TestNGCucumberRunner.lambda$runScenario$1(TestNGCucumberRunner.java:133)
	at io.cucumber.core.runtime.CucumberExecutionContext.lambda$runTestCase$5(CucumberExecutionContext.java:130)
	at io.cucumber.core.runtime.RethrowingThrowableCollector.executeAndThrow(RethrowingThrowableCollector.java:23)
	at io.cucumber.core.runtime.CucumberExecutionContext.runTestCase(CucumberExecutionContext.java:130)
	at io.cucumber.testng.TestNGCucumberRunner.runScenario(TestNGCucumberRunner.java:129)
	at io.cucumber.testng.AbstractTestNGCucumberTests.runScenario(AbstractTestNGCucumberTests.java:35)
	at java.base/jdk.internal.reflect.NativeMethodAccessorImpl.invoke0(Native Method)
	at java.base/jdk.internal.reflect.NativeMethodAccessorImpl.invoke(NativeMethodAccessorImpl.java:77)
	at java.base/jdk.internal.reflect.DelegatingMethodAccessorImpl.invoke(DelegatingMethodAccessorImpl.java:43)
	at java.base/java.lang.reflect.Method.invoke(Method.java:568)
	at org.testng.internal.invokers.MethodInvocationHelper.invokeMethod(MethodInvocationHelper.java:139)
	at org.testng.internal.invokers.TestInvoker.invokeMethod(TestInvoker.java:677)
	at org.testng.internal.invokers.TestInvoker.invokeTestMethod(TestInvoker.java:221)
	at org.testng.internal.invokers.MethodRunner.runInSequence(MethodRunner.java:50)
	at org.testng.internal.invokers.TestInvoker$MethodInvocationAgent.invoke(TestInvoker.java:969)
	at org.testng.internal.invokers.TestInvoker.invokeTestMethods(TestInvoker.java:194)
	at org.testng.internal.invokers.TestMethodWorker.invokeTestMethods(TestMethodWorker.java:148)
	at org.testng.internal.invokers.TestMethodWorker.run(TestMethodWorker.java:128)
	at java.base/java.util.ArrayList.forEach(ArrayList.java:1511)
	at org.testng.TestRunner.privateRun(TestRunner.java:829)
	at org.testng.TestRunner.run(TestRunner.java:602)
	at org.testng.SuiteRunner.runTest(SuiteRunner.java:437)
	at org.testng.SuiteRunner.runSequentially(SuiteRunner.java:431)
	at org.testng.SuiteRunner.privateRun(SuiteRunner.java:391)
	at org.testng.SuiteRunner.run(SuiteRunner.java:330)
	at org.testng.SuiteRunnerWorker.runSuite(SuiteRunnerWorker.java:52)
	at org.testng.SuiteRunnerWorker.run(SuiteRunnerWorker.java:95)
	at org.testng.TestNG.runSuitesSequentially(TestNG.java:1256)
	at org.testng.TestNG.runSuitesLocally(TestNG.java:1176)
	at org.testng.TestNG.runSuites(TestNG.java:1099)
	at org.testng.TestNG.run(TestNG.java:1067)
	at org.testng.remote.AbstractRemoteTestNG.run(AbstractRemoteTestNG.java:115)
	at org.testng.remote.RemoteTestNG.initAndRun(RemoteTestNG.java:251)
	at org.testng.remote.RemoteTestNG.main(RemoteTestNG.java:77)

</div> <!-- stack-trace -->
                  <em>
(Runs Cucumber Scenarios)                  </em>
                </div> <!-- method-content -->
              </div> <!-- method -->
              <div class="method">
                <div class="method-content">
                  <a name="runScenario(&quot;The user is presented with error message for password mismatch&quot;, &quot;user registration page&quot;)">
                  </a> <!-- runScenario("The user is presented with error message for password mismatch", "user registration page") -->
                  <span class="method-name">runScenario</span>
                  <span class="parameters">("The user is presented with error message for password mismatch","user registration page")</span>
                  <div class="stack-trace">org.openqa.selenium.NoSuchElementException: Unable to locate element: Register
For documentation on this error, please visit: https://selenium.dev/exceptions/#no_such_element
Build info: version: &apos;4.8.0&apos;, revision: &apos;267030adea&apos;
System info: os.name: &apos;Windows 11&apos;, os.arch: &apos;amd64&apos;, os.version: &apos;10.0&apos;, java.version: &apos;17.0.6&apos;
Driver info: org.openqa.selenium.firefox.FirefoxDriver
Command: [cbe76d4a-aad3-426d-bdc5-e05f3eea5d97, findElement {using=link text, value=Register}]
Capabilities {acceptInsecureCerts: true, browserName: firefox, browserVersion: 112.0.2, moz:accessibilityChecks: false, moz:buildID: 20230424110519, moz:debuggerAddress: 127.0.0.1:22539, moz:geckodriverVersion: 0.33.0, moz:headless: false, moz:platformVersion: 10.0, moz:processID: 8648, moz:profile: C:\Users\dadit\AppData\Loca..., moz:shutdownTimeout: 60000, moz:useNonSpecCompliantPointerOrigin: false, moz:webdriverClick: true, moz:windowless: false, pageLoadStrategy: normal, platformName: WINDOWS, proxy: Proxy(), se:cdp: ws://127.0.0.1:22539/devtoo..., se:cdpVersion: 85.0, setWindowRect: true, strictFileInteractability: false, timeouts: {implicit: 0, pageLoad: 300000, script: 30000}, unhandledPromptBehavior: dismiss and notify}
Session ID: cbe76d4a-aad3-426d-bdc5-e05f3eea5d97
	at java.base/jdk.internal.reflect.NativeConstructorAccessorImpl.newInstance0(Native Method)
	at java.base/jdk.internal.reflect.NativeConstructorAccessorImpl.newInstance(NativeConstructorAccessorImpl.java:77)
	at java.base/jdk.internal.reflect.DelegatingConstructorAccessorImpl.newInstance(DelegatingConstructorAccessorImpl.java:45)
	at java.base/java.lang.reflect.Constructor.newInstanceWithCaller(Constructor.java:499)
	at java.base/java.lang.reflect.Constructor.newInstance(Constructor.java:480)
	at org.openqa.selenium.remote.codec.w3c.W3CHttpResponseCodec.createException(W3CHttpResponseCodec.java:200)
	at org.openqa.selenium.remote.codec.w3c.W3CHttpResponseCodec.decode(W3CHttpResponseCodec.java:133)
	at org.openqa.selenium.remote.codec.w3c.W3CHttpResponseCodec.decode(W3CHttpResponseCodec.java:53)
	at org.openqa.selenium.remote.HttpCommandExecutor.execute(HttpCommandExecutor.java:184)
	at org.openqa.selenium.remote.service.DriverCommandExecutor.invokeExecute(DriverCommandExecutor.java:167)
	at org.openqa.selenium.remote.service.DriverCommandExecutor.execute(DriverCommandExecutor.java:142)
	at org.openqa.selenium.remote.RemoteWebDriver.execute(RemoteWebDriver.java:543)
	at org.openqa.selenium.remote.ElementLocation$ElementFinder$2.findElement(ElementLocation.java:162)
	at org.openqa.selenium.remote.ElementLocation.findElement(ElementLocation.java:60)
	at org.openqa.selenium.remote.RemoteWebDriver.findElement(RemoteWebDriver.java:352)
	at org.openqa.selenium.remote.RemoteWebDriver.findElement(RemoteWebDriver.java:344)
	at pages.registerPage.clickRegisterLink(registerPage.java:49)
	at StepDefinition.Register.the_user_enters_and_different_passwords_in_and_fields_and_user_clicks_register_button(Register.java:113)
	at ✽.The user enters &quot;username&quot; and different passwords in &quot;password&quot; and &quot;confirm_password&quot; fields and user clicks register button(file:///C:/Users/dadit/eclipse-workspace/DS-Algo/src/test/resources/features/Register.feature:55)

</div> <!-- stack-trace -->
                  <em>
(Runs Cucumber Scenarios)                  </em>
                </div> <!-- method-content -->
              </div> <!-- method -->
              <div class="method">
                <div class="method-content">
                  <a name="runScenario(&quot;user navigate to Linked List page and works on Introduction on Linked List&quot;, &quot;Linked List page&quot;)">
                  </a> <!-- runScenario("user navigate to Linked List page and works on Introduction on Linked List", "Linked List page") -->
                  <span class="method-name">runScenario</span>
                  <span class="parameters">("user navigate to Linked List page and works on Introduction on Linked List","Linked List page")</span>
                  <div class="stack-trace">java.lang.Error: Unresolved compilation problems: 
	Unhandled exception type InterruptedException
	Unhandled exception type InvalidFormatException

	at pages.CollectionsPage.enterPythonCode(CollectionsPage.java:258)
	at StepDefinition.Collections.user_enters_code_in_try_editor_from_sheet_number_and_then_click_run_output_is_printed(Collections.java:194)
	at ✽.user enters code in tryEditor from &quot;pythonCode&quot; and 0  then click run , output is printed(file:///C:/Users/dadit/eclipse-workspace/DS-Algo/src/test/resources/features/LinkedList.feature:27)

</div> <!-- stack-trace -->
                  <em>
(Runs Cucumber Scenarios)                  </em>
                </div> <!-- method-content -->
              </div> <!-- method -->
              <div class="method">
                <div class="method-content">
                  <a name="runScenario(&quot;user does Implementation Stack&quot;, &quot;Stack page&quot;)">
                  </a> <!-- runScenario("user does Implementation Stack", "Stack page") -->
                  <span class="method-name">runScenario</span>
                  <span class="parameters">("user does Implementation Stack","Stack page")</span>
                  <div class="stack-trace">java.lang.Error: Unresolved compilation problems: 
	Unhandled exception type InterruptedException
	Unhandled exception type InvalidFormatException

	at pages.CollectionsPage.enterPythonCode(CollectionsPage.java:258)
	at StepDefinition.Collections.user_enters_code_in_try_editor_from_sheet_number_and_then_click_run_output_is_printed(Collections.java:194)
	at ✽.user enters code in tryEditor from &quot;pythonCode&quot; and 0  then click run , output is printed(file:///C:/Users/dadit/eclipse-workspace/DS-Algo/src/test/resources/features/Stack.feature:37)

</div> <!-- stack-trace -->
                  <em>
(Runs Cucumber Scenarios)                  </em>
                </div> <!-- method-content -->
              </div> <!-- method -->
              <div class="method">
                <div class="method-content">
                  <a name="runScenario(&quot;user does Implementation of BST&quot;, &quot;Tree page&quot;)">
                  </a> <!-- runScenario("user does Implementation of BST", "Tree page") -->
                  <span class="method-name">runScenario</span>
                  <span class="parameters">("user does Implementation of BST","Tree page")</span>
                  <div class="stack-trace">java.lang.Error: Unresolved compilation problems: 
	Unhandled exception type InterruptedException
	Unhandled exception type InvalidFormatException

	at pages.CollectionsPage.enterPythonCode(CollectionsPage.java:258)
	at StepDefinition.Collections.user_enters_code_in_try_editor_from_sheet_number_and_then_click_run_output_is_printed(Collections.java:194)
	at ✽.user enters code in tryEditor from &quot;pythonCode&quot; and 0  then click run , output is printed(file:///C:/Users/dadit/eclipse-workspace/DS-Algo/src/test/resources/features/Tree.feature:144)

</div> <!-- stack-trace -->
                  <em>
(Runs Cucumber Scenarios)                  </em>
                </div> <!-- method-content -->
              </div> <!-- method -->
              <div class="method">
                <div class="method-content">
                  <a name="runScenario(&quot;user does Graph Representations&quot;, &quot;Graph page&quot;)">
                  </a> <!-- runScenario("user does Graph Representations", "Graph page") -->
                  <span class="method-name">runScenario</span>
                  <span class="parameters">("user does Graph Representations","Graph page")</span>
                  <div class="stack-trace">java.lang.Error: Unresolved compilation problems: 
	Unhandled exception type InterruptedException
	Unhandled exception type InvalidFormatException

	at pages.CollectionsPage.enterPythonCode(CollectionsPage.java:258)
	at StepDefinition.Collections.user_enters_code_in_try_editor_from_sheet_number_and_then_click_run_output_is_printed(Collections.java:194)
	at ✽.user enters code in tryEditor from &quot;pythonCode&quot; and 0  then click run , output is printed(file:///C:/Users/dadit/eclipse-workspace/DS-Algo/src/test/resources/features/Graph.feature:37)

</div> <!-- stack-trace -->
                  <em>
(Runs Cucumber Scenarios)                  </em>
                </div> <!-- method-content -->
              </div> <!-- method -->
              <div class="method">
                <div class="method-content">
                  <a name="runScenario(&quot;user does Traversal&quot;, &quot;Linked List page&quot;)">
                  </a> <!-- runScenario("user does Traversal", "Linked List page") -->
                  <span class="method-name">runScenario</span>
                  <span class="parameters">("user does Traversal","Linked List page")</span>
                  <div class="stack-trace">java.lang.Error: Unresolved compilation problems: 
	Unhandled exception type InterruptedException
	Unhandled exception type InvalidFormatException

	at pages.CollectionsPage.enterPythonCode(CollectionsPage.java:258)
	at StepDefinition.Collections.user_enters_code_in_try_editor_from_sheet_number_and_then_click_run_output_is_printed(Collections.java:194)
	at ✽.user enters code in tryEditor from &quot;pythonCode&quot; and 0  then click run , output is printed(file:///C:/Users/dadit/eclipse-workspace/DS-Algo/src/test/resources/features/LinkedList.feature:64)

</div> <!-- stack-trace -->
                  <em>
(Runs Cucumber Scenarios)                  </em>
                </div> <!-- method-content -->
              </div> <!-- method -->
              <div class="method">
                <div class="method-content">
                  <a name="runScenario(&quot;user does Binary Trees&quot;, &quot;Tree page&quot;)">
                  </a> <!-- runScenario("user does Binary Trees", "Tree page") -->
                  <span class="method-name">runScenario</span>
                  <span class="parameters">("user does Binary Trees","Tree page")</span>
                  <div class="stack-trace">java.lang.Error: Unresolved compilation problems: 
	Unhandled exception type InterruptedException
	Unhandled exception type InvalidFormatException

	at pages.CollectionsPage.enterPythonCode(CollectionsPage.java:258)
	at StepDefinition.Collections.user_enters_code_in_try_editor_from_sheet_number_and_then_click_run_output_is_printed(Collections.java:194)
	at ✽.user enters code in tryEditor from &quot;pythonCode&quot; and 0  then click run , output is printed(file:///C:/Users/dadit/eclipse-workspace/DS-Algo/src/test/resources/features/Tree.feature:75)

</div> <!-- stack-trace -->
                  <em>
(Runs Cucumber Scenarios)                  </em>
                </div> <!-- method-content -->
              </div> <!-- method -->
              <div class="method">
                <div class="method-content">
                  <a name="runScenario(&quot;user navigate to datastructure page&quot;, &quot;DataStructure page&quot;)">
                  </a> <!-- runScenario("user navigate to datastructure page", "DataStructure page") -->
                  <span class="method-name">runScenario</span>
                  <span class="parameters">("user navigate to datastructure page","DataStructure page")</span>
                  <div class="stack-trace">java.io.FileNotFoundException: .src\test\resources\config.properties (The system cannot find the path specified)
	at java.base/java.io.FileInputStream.open0(Native Method)
	at java.base/java.io.FileInputStream.open(FileInputStream.java:216)
	at java.base/java.io.FileInputStream.&lt;init&gt;(FileInputStream.java:157)
	at java.base/java.io.FileInputStream.&lt;init&gt;(FileInputStream.java:111)
	at pages.CollectionsPage.loginWithUernamePwd(CollectionsPage.java:442)
	at StepDefinition.Collections.user_login_with_username_and_password_given_through_config(Collections.java:442)
	at ✽.user login with username &quot;USERNAME&quot; and password &quot;PASSWORD&quot; given through config(file:///C:/Users/dadit/eclipse-workspace/DS-Algo/src/test/resources/features/DataStructure.feature:6)

</div> <!-- stack-trace -->
                  <em>
(Runs Cucumber Scenarios)                  </em>
                </div> <!-- method-content -->
              </div> <!-- method -->
              <div class="method">
                <div class="method-content">
                  <a name="runScenario(&quot;user does Implementation Using Collection.deque&quot;, &quot;Queue page&quot;)">
                  </a> <!-- runScenario("user does Implementation Using Collection.deque", "Queue page") -->
                  <span class="method-name">runScenario</span>
                  <span class="parameters">("user does Implementation Using Collection.deque","Queue page")</span>
                  <div class="stack-trace">java.lang.Error: Unresolved compilation problems: 
	Unhandled exception type InterruptedException
	Unhandled exception type InvalidFormatException

	at pages.CollectionsPage.enterPythonCode(CollectionsPage.java:258)
	at StepDefinition.Collections.user_enters_code_in_try_editor_from_sheet_number_and_then_click_run_output_is_printed(Collections.java:194)
	at ✽.user enters code in tryEditor from &quot;pythonCode&quot; and 0  then click run , output is printed(file:///C:/Users/dadit/eclipse-workspace/DS-Algo/src/test/resources/features/Queue.feature:37)

</div> <!-- stack-trace -->
                  <em>
(Runs Cucumber Scenarios)                  </em>
                </div> <!-- method-content -->
              </div> <!-- method -->
              <div class="method">
                <div class="method-content">
                  <a name="runScenario(&quot;The user is presented with error message for empty fields below Password textbox&quot;, &quot;user registrati...)">
                  </a> <!-- runScenario("The user is presented with error message for empty fields below Password textbox", "user registrati...) -->
                  <span class="method-name">runScenario</span>
                  <span class="parameters">("The user is presented with error message for empty fields below Password textbox","user registration page")</span>
                  <div class="stack-trace">org.openqa.selenium.NoSuchElementException: Unable to locate element: Register
For documentation on this error, please visit: https://selenium.dev/exceptions/#no_such_element
Build info: version: &apos;4.8.0&apos;, revision: &apos;267030adea&apos;
System info: os.name: &apos;Windows 11&apos;, os.arch: &apos;amd64&apos;, os.version: &apos;10.0&apos;, java.version: &apos;17.0.6&apos;
Driver info: org.openqa.selenium.firefox.FirefoxDriver
Command: [cbe76d4a-aad3-426d-bdc5-e05f3eea5d97, findElement {using=link text, value=Register}]
Capabilities {acceptInsecureCerts: true, browserName: firefox, browserVersion: 112.0.2, moz:accessibilityChecks: false, moz:buildID: 20230424110519, moz:debuggerAddress: 127.0.0.1:22539, moz:geckodriverVersion: 0.33.0, moz:headless: false, moz:platformVersion: 10.0, moz:processID: 8648, moz:profile: C:\Users\dadit\AppData\Loca..., moz:shutdownTimeout: 60000, moz:useNonSpecCompliantPointerOrigin: false, moz:webdriverClick: true, moz:windowless: false, pageLoadStrategy: normal, platformName: WINDOWS, proxy: Proxy(), se:cdp: ws://127.0.0.1:22539/devtoo..., se:cdpVersion: 85.0, setWindowRect: true, strictFileInteractability: false, timeouts: {implicit: 0, pageLoad: 300000, script: 30000}, unhandledPromptBehavior: dismiss and notify}
Session ID: cbe76d4a-aad3-426d-bdc5-e05f3eea5d97
	at java.base/jdk.internal.reflect.NativeConstructorAccessorImpl.newInstance0(Native Method)
	at java.base/jdk.internal.reflect.NativeConstructorAccessorImpl.newInstance(NativeConstructorAccessorImpl.java:77)
	at java.base/jdk.internal.reflect.DelegatingConstructorAccessorImpl.newInstance(DelegatingConstructorAccessorImpl.java:45)
	at java.base/java.lang.reflect.Constructor.newInstanceWithCaller(Constructor.java:499)
	at java.base/java.lang.reflect.Constructor.newInstance(Constructor.java:480)
	at org.openqa.selenium.remote.codec.w3c.W3CHttpResponseCodec.createException(W3CHttpResponseCodec.java:200)
	at org.openqa.selenium.remote.codec.w3c.W3CHttpResponseCodec.decode(W3CHttpResponseCodec.java:133)
	at org.openqa.selenium.remote.codec.w3c.W3CHttpResponseCodec.decode(W3CHttpResponseCodec.java:53)
	at org.openqa.selenium.remote.HttpCommandExecutor.execute(HttpCommandExecutor.java:184)
	at org.openqa.selenium.remote.service.DriverCommandExecutor.invokeExecute(DriverCommandExecutor.java:167)
	at org.openqa.selenium.remote.service.DriverCommandExecutor.execute(DriverCommandExecutor.java:142)
	at org.openqa.selenium.remote.RemoteWebDriver.execute(RemoteWebDriver.java:543)
	at org.openqa.selenium.remote.ElementLocation$ElementFinder$2.findElement(ElementLocation.java:162)
	at org.openqa.selenium.remote.ElementLocation.findElement(ElementLocation.java:60)
	at org.openqa.selenium.remote.RemoteWebDriver.findElement(RemoteWebDriver.java:352)
	at org.openqa.selenium.remote.RemoteWebDriver.findElement(RemoteWebDriver.java:344)
	at pages.registerPage.clickRegisterLink(registerPage.java:49)
	at StepDefinition.Register.the_user_enters_with_other_fields_empty_and_user_clicks_register_button(Register.java:53)
	at ✽.The user  enters &quot;username&quot; with other fields empty and user clicks register button(file:///C:/Users/dadit/eclipse-workspace/DS-Algo/src/test/resources/features/Register.feature:31)

</div> <!-- stack-trace -->
                  <em>
(Runs Cucumber Scenarios)                  </em>
                </div> <!-- method-content -->
              </div> <!-- method -->
              <div class="method">
                <div class="method-content">
                  <a name="runScenario(&quot;user does Implementation in Python&quot;, &quot;Tree page&quot;)">
                  </a> <!-- runScenario("user does Implementation in Python", "Tree page") -->
                  <span class="method-name">runScenario</span>
                  <span class="parameters">("user does Implementation in Python","Tree page")</span>
                  <div class="stack-trace">java.lang.Error: Unresolved compilation problems: 
	Unhandled exception type InterruptedException
	Unhandled exception type InvalidFormatException

	at pages.CollectionsPage.enterPythonCode(CollectionsPage.java:258)
	at StepDefinition.Collections.user_enters_code_in_try_editor_from_sheet_number_and_then_click_run_output_is_printed(Collections.java:194)
	at ✽.user enters code in tryEditor from &quot;pythonCode&quot; and 0  then click run , output is printed(file:///C:/Users/dadit/eclipse-workspace/DS-Algo/src/test/resources/features/Tree.feature:95)

</div> <!-- stack-trace -->
                  <em>
(Runs Cucumber Scenarios)                  </em>
                </div> <!-- method-content -->
              </div> <!-- method -->
              <div class="method">
                <div class="method-content">
                  <a name="runScenario(&quot;The user is presented with error message for empty fields below Username textbox&quot;, &quot;user registrati...)">
                  </a> <!-- runScenario("The user is presented with error message for empty fields below Username textbox", "user registrati...) -->
                  <span class="method-name">runScenario</span>
                  <span class="parameters">("The user is presented with error message for empty fields below Username textbox","user registration page")</span>
                  <div class="stack-trace">org.openqa.selenium.NoSuchElementException: Unable to locate element: Register
For documentation on this error, please visit: https://selenium.dev/exceptions/#no_such_element
Build info: version: &apos;4.8.0&apos;, revision: &apos;267030adea&apos;
System info: os.name: &apos;Windows 11&apos;, os.arch: &apos;amd64&apos;, os.version: &apos;10.0&apos;, java.version: &apos;17.0.6&apos;
Driver info: org.openqa.selenium.firefox.FirefoxDriver
Command: [cbe76d4a-aad3-426d-bdc5-e05f3eea5d97, findElement {using=link text, value=Register}]
Capabilities {acceptInsecureCerts: true, browserName: firefox, browserVersion: 112.0.2, moz:accessibilityChecks: false, moz:buildID: 20230424110519, moz:debuggerAddress: 127.0.0.1:22539, moz:geckodriverVersion: 0.33.0, moz:headless: false, moz:platformVersion: 10.0, moz:processID: 8648, moz:profile: C:\Users\dadit\AppData\Loca..., moz:shutdownTimeout: 60000, moz:useNonSpecCompliantPointerOrigin: false, moz:webdriverClick: true, moz:windowless: false, pageLoadStrategy: normal, platformName: WINDOWS, proxy: Proxy(), se:cdp: ws://127.0.0.1:22539/devtoo..., se:cdpVersion: 85.0, setWindowRect: true, strictFileInteractability: false, timeouts: {implicit: 0, pageLoad: 300000, script: 30000}, unhandledPromptBehavior: dismiss and notify}
Session ID: cbe76d4a-aad3-426d-bdc5-e05f3eea5d97
	at java.base/jdk.internal.reflect.NativeConstructorAccessorImpl.newInstance0(Native Method)
	at java.base/jdk.internal.reflect.NativeConstructorAccessorImpl.newInstance(NativeConstructorAccessorImpl.java:77)
	at java.base/jdk.internal.reflect.DelegatingConstructorAccessorImpl.newInstance(DelegatingConstructorAccessorImpl.java:45)
	at java.base/java.lang.reflect.Constructor.newInstanceWithCaller(Constructor.java:499)
	at java.base/java.lang.reflect.Constructor.newInstance(Constructor.java:480)
	at org.openqa.selenium.remote.codec.w3c.W3CHttpResponseCodec.createException(W3CHttpResponseCodec.java:200)
	at org.openqa.selenium.remote.codec.w3c.W3CHttpResponseCodec.decode(W3CHttpResponseCodec.java:133)
	at org.openqa.selenium.remote.codec.w3c.W3CHttpResponseCodec.decode(W3CHttpResponseCodec.java:53)
	at org.openqa.selenium.remote.HttpCommandExecutor.execute(HttpCommandExecutor.java:184)
	at org.openqa.selenium.remote.service.DriverCommandExecutor.invokeExecute(DriverCommandExecutor.java:167)
	at org.openqa.selenium.remote.service.DriverCommandExecutor.execute(DriverCommandExecutor.java:142)
	at org.openqa.selenium.remote.RemoteWebDriver.execute(RemoteWebDriver.java:543)
	at org.openqa.selenium.remote.ElementLocation$ElementFinder$2.findElement(ElementLocation.java:162)
	at org.openqa.selenium.remote.ElementLocation.findElement(ElementLocation.java:60)
	at org.openqa.selenium.remote.RemoteWebDriver.findElement(RemoteWebDriver.java:352)
	at org.openqa.selenium.remote.RemoteWebDriver.findElement(RemoteWebDriver.java:344)
	at pages.registerPage.clickRegisterLink(registerPage.java:49)
	at StepDefinition.Register.the_user_clicks_button_with_all_fields_empty(Register.java:40)
	at ✽.The user clicks &quot;Register&quot; button with all fields empty(file:///C:/Users/dadit/eclipse-workspace/DS-Algo/src/test/resources/features/Register.feature:25)

</div> <!-- stack-trace -->
                  <em>
(Runs Cucumber Scenarios)                  </em>
                </div> <!-- method-content -->
              </div> <!-- method -->
              <div class="method">
                <div class="method-content">
                  <a name="runScenario(&quot;user does Types of Binary Trees&quot;, &quot;Tree page&quot;)">
                  </a> <!-- runScenario("user does Types of Binary Trees", "Tree page") -->
                  <span class="method-name">runScenario</span>
                  <span class="parameters">("user does Types of Binary Trees","Tree page")</span>
                  <div class="stack-trace">java.lang.Error: Unresolved compilation problems: 
	Unhandled exception type InterruptedException
	Unhandled exception type InvalidFormatException

	at pages.CollectionsPage.enterPythonCode(CollectionsPage.java:258)
	at StepDefinition.Collections.user_enters_code_in_try_editor_from_sheet_number_and_then_click_run_output_is_printed(Collections.java:194)
	at ✽.user enters code in tryEditor from &quot;pythonCode&quot; and 0  then click run , output is printed(file:///C:/Users/dadit/eclipse-workspace/DS-Algo/src/test/resources/features/Tree.feature:85)

</div> <!-- stack-trace -->
                  <em>
(Runs Cucumber Scenarios)                  </em>
                </div> <!-- method-content -->
              </div> <!-- method -->
              <div class="method">
                <div class="method-content">
                  <a name="runScenario(&quot;user does Tree Traversals&quot;, &quot;Tree page&quot;)">
                  </a> <!-- runScenario("user does Tree Traversals", "Tree page") -->
                  <span class="method-name">runScenario</span>
                  <span class="parameters">("user does Tree Traversals","Tree page")</span>
                  <div class="stack-trace">java.lang.Error: Unresolved compilation problems: 
	Unhandled exception type InterruptedException
	Unhandled exception type InvalidFormatException

	at pages.CollectionsPage.enterPythonCode(CollectionsPage.java:258)
	at StepDefinition.Collections.user_enters_code_in_try_editor_from_sheet_number_and_then_click_run_output_is_printed(Collections.java:194)
	at ✽.user enters code in tryEditor from &quot;pythonCode&quot; and 0  then click run , output is printed(file:///C:/Users/dadit/eclipse-workspace/DS-Algo/src/test/resources/features/Tree.feature:55)

</div> <!-- stack-trace -->
                  <em>
(Runs Cucumber Scenarios)                  </em>
                </div> <!-- method-content -->
              </div> <!-- method -->
              <div class="method">
                <div class="method-content">
                  <a name="runScenario(&quot;User navigate to Array Practice Page and works in Search the array&quot;, &quot;DS Algo ArrayPractice Page&quot;)">
                  </a> <!-- runScenario("User navigate to Array Practice Page and works in Search the array", "DS Algo ArrayPractice Page") -->
                  <span class="method-name">runScenario</span>
                  <span class="parameters">("User navigate to Array Practice Page and works in Search the array","DS Algo ArrayPractice Page")</span>
                  <div class="stack-trace">java.io.FileNotFoundException: .src\test\resources\config.properties (The system cannot find the path specified)
	at java.base/java.io.FileInputStream.open0(Native Method)
	at java.base/java.io.FileInputStream.open(FileInputStream.java:216)
	at java.base/java.io.FileInputStream.&lt;init&gt;(FileInputStream.java:157)
	at java.base/java.io.FileInputStream.&lt;init&gt;(FileInputStream.java:111)
	at pages.CollectionsPage.loginWithUernamePwd(CollectionsPage.java:442)
	at StepDefinition.Collections.user_login_with_username_and_password_given_through_config(Collections.java:442)
	at ✽.user login with username &quot;Numpyninja95AT&quot; and password &quot;sdet95batchAT&quot; given through config(file:///C:/Users/dadit/eclipse-workspace/DS-Algo/src/test/resources/features/ArrayPractice.feature:24)

</div> <!-- stack-trace -->
                  <em>
(Runs Cucumber Scenarios)                  </em>
                </div> <!-- method-content -->
              </div> <!-- method -->
              <div class="method">
                <div class="method-content">
                  <a name="runScenario(&quot;user navigate to Queue page and works on Implementation Queue in Python&quot;, &quot;Queue page&quot;)">
                  </a> <!-- runScenario("user navigate to Queue page and works on Implementation Queue in Python", "Queue page") -->
                  <span class="method-name">runScenario</span>
                  <span class="parameters">("user navigate to Queue page and works on Implementation Queue in Python","Queue page")</span>
                  <div class="stack-trace">java.lang.Error: Unresolved compilation problems: 
	Unhandled exception type InterruptedException
	Unhandled exception type InvalidFormatException

	at pages.CollectionsPage.enterPythonCode(CollectionsPage.java:258)
	at StepDefinition.Collections.user_enters_code_in_try_editor_from_sheet_number_and_then_click_run_output_is_printed(Collections.java:194)
	at ✽.user enters code in tryEditor from &quot;pythonCode&quot; and 0  then click run , output is printed(file:///C:/Users/dadit/eclipse-workspace/DS-Algo/src/test/resources/features/Queue.feature:27)

</div> <!-- stack-trace -->
                  <em>
(Runs Cucumber Scenarios)                  </em>
                </div> <!-- method-content -->
              </div> <!-- method -->
              <div class="method">
                <div class="method-content">
                  <a name="runScenario(&quot;The user is presented with error message for empty fields below confirm Password textbox&quot;, &quot;user re...)">
                  </a> <!-- runScenario("The user is presented with error message for empty fields below confirm Password textbox", "user re...) -->
                  <span class="method-name">runScenario</span>
                  <span class="parameters">("The user is presented with error message for empty fields below confirm Password textbox","user registration page")</span>
                  <div class="stack-trace">org.openqa.selenium.NoSuchElementException: Unable to locate element: Register
For documentation on this error, please visit: https://selenium.dev/exceptions/#no_such_element
Build info: version: &apos;4.8.0&apos;, revision: &apos;267030adea&apos;
System info: os.name: &apos;Windows 11&apos;, os.arch: &apos;amd64&apos;, os.version: &apos;10.0&apos;, java.version: &apos;17.0.6&apos;
Driver info: org.openqa.selenium.firefox.FirefoxDriver
Command: [cbe76d4a-aad3-426d-bdc5-e05f3eea5d97, findElement {using=link text, value=Register}]
Capabilities {acceptInsecureCerts: true, browserName: firefox, browserVersion: 112.0.2, moz:accessibilityChecks: false, moz:buildID: 20230424110519, moz:debuggerAddress: 127.0.0.1:22539, moz:geckodriverVersion: 0.33.0, moz:headless: false, moz:platformVersion: 10.0, moz:processID: 8648, moz:profile: C:\Users\dadit\AppData\Loca..., moz:shutdownTimeout: 60000, moz:useNonSpecCompliantPointerOrigin: false, moz:webdriverClick: true, moz:windowless: false, pageLoadStrategy: normal, platformName: WINDOWS, proxy: Proxy(), se:cdp: ws://127.0.0.1:22539/devtoo..., se:cdpVersion: 85.0, setWindowRect: true, strictFileInteractability: false, timeouts: {implicit: 0, pageLoad: 300000, script: 30000}, unhandledPromptBehavior: dismiss and notify}
Session ID: cbe76d4a-aad3-426d-bdc5-e05f3eea5d97
	at java.base/jdk.internal.reflect.NativeConstructorAccessorImpl.newInstance0(Native Method)
	at java.base/jdk.internal.reflect.NativeConstructorAccessorImpl.newInstance(NativeConstructorAccessorImpl.java:77)
	at java.base/jdk.internal.reflect.DelegatingConstructorAccessorImpl.newInstance(DelegatingConstructorAccessorImpl.java:45)
	at java.base/java.lang.reflect.Constructor.newInstanceWithCaller(Constructor.java:499)
	at java.base/java.lang.reflect.Constructor.newInstance(Constructor.java:480)
	at org.openqa.selenium.remote.codec.w3c.W3CHttpResponseCodec.createException(W3CHttpResponseCodec.java:200)
	at org.openqa.selenium.remote.codec.w3c.W3CHttpResponseCodec.decode(W3CHttpResponseCodec.java:133)
	at org.openqa.selenium.remote.codec.w3c.W3CHttpResponseCodec.decode(W3CHttpResponseCodec.java:53)
	at org.openqa.selenium.remote.HttpCommandExecutor.execute(HttpCommandExecutor.java:184)
	at org.openqa.selenium.remote.service.DriverCommandExecutor.invokeExecute(DriverCommandExecutor.java:167)
	at org.openqa.selenium.remote.service.DriverCommandExecutor.execute(DriverCommandExecutor.java:142)
	at org.openqa.selenium.remote.RemoteWebDriver.execute(RemoteWebDriver.java:543)
	at org.openqa.selenium.remote.ElementLocation$ElementFinder$2.findElement(ElementLocation.java:162)
	at org.openqa.selenium.remote.ElementLocation.findElement(ElementLocation.java:60)
	at org.openqa.selenium.remote.RemoteWebDriver.findElement(RemoteWebDriver.java:352)
	at org.openqa.selenium.remote.RemoteWebDriver.findElement(RemoteWebDriver.java:344)
	at pages.registerPage.clickRegisterLink(registerPage.java:49)
	at StepDefinition.Register.the_user_enters_and_with_password_confirmation_field_empty_and_user_clicks_register_button(Register.java:78)
	at ✽.The user  enters &quot;username&quot; and &quot;password&quot; with Password Confirmation field empty and user clicks register button(file:///C:/Users/dadit/eclipse-workspace/DS-Algo/src/test/resources/features/Register.feature:39)

</div> <!-- stack-trace -->
                  <em>
(Runs Cucumber Scenarios)                  </em>
                </div> <!-- method-content -->
              </div> <!-- method -->
              <div class="method">
                <div class="method-content">
                  <a name="runScenario(&quot;user navigate to Graph page and works on  Graph&quot;, &quot;Graph page&quot;)">
                  </a> <!-- runScenario("user navigate to Graph page and works on  Graph", "Graph page") -->
                  <span class="method-name">runScenario</span>
                  <span class="parameters">("user navigate to Graph page and works on  Graph","Graph page")</span>
                  <div class="stack-trace">java.io.FileNotFoundException: .src\test\resources\config.properties (The system cannot find the path specified)
	at java.base/java.io.FileInputStream.open0(Native Method)
	at java.base/java.io.FileInputStream.open(FileInputStream.java:216)
	at java.base/java.io.FileInputStream.&lt;init&gt;(FileInputStream.java:157)
	at java.base/java.io.FileInputStream.&lt;init&gt;(FileInputStream.java:111)
	at pages.CollectionsPage.loginWithUernamePwd(CollectionsPage.java:442)
	at StepDefinition.Collections.user_login_with_username_and_password_given_through_config(Collections.java:442)
	at ✽.user login with username &quot;USERNAME&quot; and password &quot;PASSWORD&quot; given through config(file:///C:/Users/dadit/eclipse-workspace/DS-Algo/src/test/resources/features/Graph.feature:23)

</div> <!-- stack-trace -->
                  <em>
(Runs Cucumber Scenarios)                  </em>
                </div> <!-- method-content -->
              </div> <!-- method -->
              <div class="method">
                <div class="method-content">
                  <a name="runScenario(&quot;user does Implementation Using Array&quot;, &quot;Queue page&quot;)">
                  </a> <!-- runScenario("user does Implementation Using Array", "Queue page") -->
                  <span class="method-name">runScenario</span>
                  <span class="parameters">("user does Implementation Using Array","Queue page")</span>
                  <div class="stack-trace">java.lang.Error: Unresolved compilation problems: 
	Unhandled exception type InterruptedException
	Unhandled exception type InvalidFormatException

	at pages.CollectionsPage.enterPythonCode(CollectionsPage.java:258)
	at StepDefinition.Collections.user_enters_code_in_try_editor_from_sheet_number_and_then_click_run_output_is_printed(Collections.java:194)
	at ✽.user enters code in tryEditor from &quot;pythonCode&quot; and 0  then click run , output is printed(file:///C:/Users/dadit/eclipse-workspace/DS-Algo/src/test/resources/features/Queue.feature:47)

</div> <!-- stack-trace -->
                  <em>
(Runs Cucumber Scenarios)                  </em>
                </div> <!-- method-content -->
              </div> <!-- method -->
              <div class="method">
                <div class="method-content">
                  <a name="runScenario(&quot;user does Types of Trees&quot;, &quot;Tree page&quot;)">
                  </a> <!-- runScenario("user does Types of Trees", "Tree page") -->
                  <span class="method-name">runScenario</span>
                  <span class="parameters">("user does Types of Trees","Tree page")</span>
                  <div class="stack-trace">java.lang.Error: Unresolved compilation problems: 
	Unhandled exception type InterruptedException
	Unhandled exception type InvalidFormatException

	at pages.CollectionsPage.enterPythonCode(CollectionsPage.java:258)
	at StepDefinition.Collections.user_enters_code_in_try_editor_from_sheet_number_and_then_click_run_output_is_printed(Collections.java:194)
	at ✽.user enters code in tryEditor from &quot;pythonCode&quot; and 0  then click run , output is printed(file:///C:/Users/dadit/eclipse-workspace/DS-Algo/src/test/resources/features/Tree.feature:45)

</div> <!-- stack-trace -->
                  <em>
(Runs Cucumber Scenarios)                  </em>
                </div> <!-- method-content -->
              </div> <!-- method -->
              <div class="method">
                <div class="method-content">
                  <a name="runScenario(&quot;user does Binary Tree Traversals&quot;, &quot;Tree page&quot;)">
                  </a> <!-- runScenario("user does Binary Tree Traversals", "Tree page") -->
                  <span class="method-name">runScenario</span>
                  <span class="parameters">("user does Binary Tree Traversals","Tree page")</span>
                  <div class="stack-trace">java.lang.Error: Unresolved compilation problems: 
	Unhandled exception type InterruptedException
	Unhandled exception type InvalidFormatException

	at pages.CollectionsPage.enterPythonCode(CollectionsPage.java:258)
	at StepDefinition.Collections.user_enters_code_in_try_editor_from_sheet_number_and_then_click_run_output_is_printed(Collections.java:194)
	at ✽.user enters code in tryEditor from &quot;pythonCode&quot; and 0  then click run , output is printed(file:///C:/Users/dadit/eclipse-workspace/DS-Algo/src/test/resources/features/Tree.feature:105)

</div> <!-- stack-trace -->
                  <em>
(Runs Cucumber Scenarios)                  </em>
                </div> <!-- method-content -->
              </div> <!-- method -->
              <div class="method">
                <div class="method-content">
                  <a name="runScenario(&quot;user does Binary Search Trees&quot;, &quot;Tree page&quot;)">
                  </a> <!-- runScenario("user does Binary Search Trees", "Tree page") -->
                  <span class="method-name">runScenario</span>
                  <span class="parameters">("user does Binary Search Trees","Tree page")</span>
                  <div class="stack-trace">java.lang.Error: Unresolved compilation problems: 
	Unhandled exception type InterruptedException
	Unhandled exception type InvalidFormatException

	at pages.CollectionsPage.enterPythonCode(CollectionsPage.java:258)
	at StepDefinition.Collections.user_enters_code_in_try_editor_from_sheet_number_and_then_click_run_output_is_printed(Collections.java:194)
	at ✽.user enters code in tryEditor from &quot;pythonCode&quot; and 0  then click run , output is printed(file:///C:/Users/dadit/eclipse-workspace/DS-Algo/src/test/resources/features/Tree.feature:135)

</div> <!-- stack-trace -->
                  <em>
(Runs Cucumber Scenarios)                  </em>
                </div> <!-- method-content -->
              </div> <!-- method -->
              <div class="method">
                <div class="method-content">
                  <a name="runScenario(&quot;user does Queue Operations&quot;, &quot;Queue page&quot;)">
                  </a> <!-- runScenario("user does Queue Operations", "Queue page") -->
                  <span class="method-name">runScenario</span>
                  <span class="parameters">("user does Queue Operations","Queue page")</span>
                  <div class="stack-trace">java.lang.Error: Unresolved compilation problems: 
	Unhandled exception type InterruptedException
	Unhandled exception type InvalidFormatException

	at pages.CollectionsPage.enterPythonCode(CollectionsPage.java:258)
	at StepDefinition.Collections.user_enters_code_in_try_editor_from_sheet_number_and_then_click_run_output_is_printed(Collections.java:194)
	at ✽.user enters code in tryEditor from &quot;pythonCode&quot; and 0  then click run , output is printed(file:///C:/Users/dadit/eclipse-workspace/DS-Algo/src/test/resources/features/Queue.feature:57)

</div> <!-- stack-trace -->
                  <em>
(Runs Cucumber Scenarios)                  </em>
                </div> <!-- method-content -->
              </div> <!-- method -->
              <div class="method">
                <div class="method-content">
                  <a name="runScenario(&quot;user does Creating Linked List&quot;, &quot;Linked List page&quot;)">
                  </a> <!-- runScenario("user does Creating Linked List", "Linked List page") -->
                  <span class="method-name">runScenario</span>
                  <span class="parameters">("user does Creating Linked List","Linked List page")</span>
                  <div class="stack-trace">java.lang.Error: Unresolved compilation problems: 
	Unhandled exception type InterruptedException
	Unhandled exception type InvalidFormatException

	at pages.CollectionsPage.enterPythonCode(CollectionsPage.java:258)
	at StepDefinition.Collections.user_enters_code_in_try_editor_from_sheet_number_and_then_click_run_output_is_printed(Collections.java:194)
	at ✽.user enters code in tryEditor from &quot;pythonCode&quot; and 0  then click run , output is printed(file:///C:/Users/dadit/eclipse-workspace/DS-Algo/src/test/resources/features/LinkedList.feature:36)

</div> <!-- stack-trace -->
                  <em>
(Runs Cucumber Scenarios)                  </em>
                </div> <!-- method-content -->
              </div> <!-- method -->
              <div class="method">
                <div class="method-content">
                  <a name="runScenario(&quot;User navigate to Array Practice Page and works in Max Consecutive Ones&quot;, &quot;DS Algo ArrayPractice Pag...)">
                  </a> <!-- runScenario("User navigate to Array Practice Page and works in Max Consecutive Ones", "DS Algo ArrayPractice Pag...) -->
                  <span class="method-name">runScenario</span>
                  <span class="parameters">("User navigate to Array Practice Page and works in Max Consecutive Ones","DS Algo ArrayPractice Page")</span>
                  <div class="stack-trace">io.cucumber.testng.UndefinedStepException: The step &apos;User is in Array Practice homepage&apos; and 4 other step(s) are undefined.
You can implement these steps using the snippet(s) below:

@When(&quot;User is in Array Practice homepage&quot;)
public void user_is_in_array_practice_homepage() {
    // Write code here that turns the phrase above into concrete actions
    throw new io.cucumber.java.PendingException();
}
@When(&quot;User clicks {string} second link in the Array Practice list&quot;)
public void user_clicks_second_link_in_the_array_practice_list(String string) {
    // Write code here that turns the phrase above into concrete actions
    throw new io.cucumber.java.PendingException();
}
@When(&quot;user clears the text and enter python code&quot;)
public void user_clears_the_text_and_enter_python_code() {
    // Write code here that turns the phrase above into concrete actions
    throw new io.cucumber.java.PendingException();
}
@Then(&quot;user enters Python Code1 {string} from config&quot;)
public void user_enters_python_code1_from_config(String string) {
    // Write code here that turns the phrase above into concrete actions
    throw new io.cucumber.java.PendingException();
}
@Then(&quot;user gets the error message&quot;)
public void user_gets_the_error_message() {
    // Write code here that turns the phrase above into concrete actions
    throw new io.cucumber.java.PendingException();
}

	at io.cucumber.core.runtime.TestCaseResultObserver.assertTestCasePassed(TestCaseResultObserver.java:69)
	at io.cucumber.testng.TestCaseResultObserver.assertTestCasePassed(TestCaseResultObserver.java:23)
	at io.cucumber.testng.TestNGCucumberRunner.lambda$runScenario$1(TestNGCucumberRunner.java:133)
	at io.cucumber.core.runtime.CucumberExecutionContext.lambda$runTestCase$5(CucumberExecutionContext.java:130)
	at io.cucumber.core.runtime.RethrowingThrowableCollector.executeAndThrow(RethrowingThrowableCollector.java:23)
	at io.cucumber.core.runtime.CucumberExecutionContext.runTestCase(CucumberExecutionContext.java:130)
	at io.cucumber.testng.TestNGCucumberRunner.runScenario(TestNGCucumberRunner.java:129)
	at io.cucumber.testng.AbstractTestNGCucumberTests.runScenario(AbstractTestNGCucumberTests.java:35)
	at java.base/jdk.internal.reflect.NativeMethodAccessorImpl.invoke0(Native Method)
	at java.base/jdk.internal.reflect.NativeMethodAccessorImpl.invoke(NativeMethodAccessorImpl.java:77)
	at java.base/jdk.internal.reflect.DelegatingMethodAccessorImpl.invoke(DelegatingMethodAccessorImpl.java:43)
	at java.base/java.lang.reflect.Method.invoke(Method.java:568)
	at org.testng.internal.invokers.MethodInvocationHelper.invokeMethod(MethodInvocationHelper.java:139)
	at org.testng.internal.invokers.TestInvoker.invokeMethod(TestInvoker.java:677)
	at org.testng.internal.invokers.TestInvoker.invokeTestMethod(TestInvoker.java:221)
	at org.testng.internal.invokers.MethodRunner.runInSequence(MethodRunner.java:50)
	at org.testng.internal.invokers.TestInvoker$MethodInvocationAgent.invoke(TestInvoker.java:969)
	at org.testng.internal.invokers.TestInvoker.invokeTestMethods(TestInvoker.java:194)
	at org.testng.internal.invokers.TestMethodWorker.invokeTestMethods(TestMethodWorker.java:148)
	at org.testng.internal.invokers.TestMethodWorker.run(TestMethodWorker.java:128)
	at java.base/java.util.ArrayList.forEach(ArrayList.java:1511)
	at org.testng.TestRunner.privateRun(TestRunner.java:829)
	at org.testng.TestRunner.run(TestRunner.java:602)
	at org.testng.SuiteRunner.runTest(SuiteRunner.java:437)
	at org.testng.SuiteRunner.runSequentially(SuiteRunner.java:431)
	at org.testng.SuiteRunner.privateRun(SuiteRunner.java:391)
	at org.testng.SuiteRunner.run(SuiteRunner.java:330)
	at org.testng.SuiteRunnerWorker.runSuite(SuiteRunnerWorker.java:52)
	at org.testng.SuiteRunnerWorker.run(SuiteRunnerWorker.java:95)
	at org.testng.TestNG.runSuitesSequentially(TestNG.java:1256)
	at org.testng.TestNG.runSuitesLocally(TestNG.java:1176)
	at org.testng.TestNG.runSuites(TestNG.java:1099)
	at org.testng.TestNG.run(TestNG.java:1067)
	at org.testng.remote.AbstractRemoteTestNG.run(AbstractRemoteTestNG.java:115)
	at org.testng.remote.RemoteTestNG.initAndRun(RemoteTestNG.java:251)
	at org.testng.remote.RemoteTestNG.main(RemoteTestNG.java:77)

</div> <!-- stack-trace -->
                  <em>
(Runs Cucumber Scenarios)                  </em>
                </div> <!-- method-content -->
              </div> <!-- method -->
            </div> <!-- main-panel-content rounded-window-bottom -->
          </div> <!-- suite-Default_suite-class-failed -->
          <div class="suite-Default_suite-class-passed">
            <div class="main-panel-header rounded-window-top">
              <img src="passed.png"/>
              <span class="class-name">runner.testRunner</span>
            </div> <!-- main-panel-header rounded-window-top -->
            <div class="main-panel-content rounded-window-bottom">
              <div class="method">
                <div class="method-content">
                  <a name="runScenario(&quot;user navigate to sign in  page&quot;, &quot;DS-Algo Sign In&quot;)">
                  </a> <!-- runScenario("user navigate to sign in  page", "DS-Algo Sign In") -->
                  <span class="method-name">runScenario</span>
                  <span class="parameters">("user navigate to sign in  page","DS-Algo Sign In")</span>
                  <em>
(Runs Cucumber Scenarios)                  </em>
                </div> <!-- method-content -->
              </div> <!-- method -->
              <div class="method">
                <div class="method-content">
                  <a name="runScenario(&quot;user navigate to sign in  page&quot;, &quot;DS-Algo Sign In&quot;)">
                  </a> <!-- runScenario("user navigate to sign in  page", "DS-Algo Sign In") -->
                  <span class="method-name">runScenario</span>
                  <span class="parameters">("user navigate to sign in  page","DS-Algo Sign In")</span>
                  <em>
(Runs Cucumber Scenarios)                  </em>
                </div> <!-- method-content -->
              </div> <!-- method -->
              <div class="method">
                <div class="method-content">
                  <a name="runScenario(&quot;user navigate to sign in  page&quot;, &quot;DS-Algo Sign In&quot;)">
                  </a> <!-- runScenario("user navigate to sign in  page", "DS-Algo Sign In") -->
                  <span class="method-name">runScenario</span>
                  <span class="parameters">("user navigate to sign in  page","DS-Algo Sign In")</span>
                  <em>
(Runs Cucumber Scenarios)                  </em>
                </div> <!-- method-content -->
              </div> <!-- method -->
              <div class="method">
                <div class="method-content">
                  <a name="runScenario(&quot;user navigate to sign in  page&quot;, &quot;DS-Algo Sign In&quot;)">
                  </a> <!-- runScenario("user navigate to sign in  page", "DS-Algo Sign In") -->
                  <span class="method-name">runScenario</span>
                  <span class="parameters">("user navigate to sign in  page","DS-Algo Sign In")</span>
                  <em>
(Runs Cucumber Scenarios)                  </em>
                </div> <!-- method-content -->
              </div> <!-- method -->
              <div class="method">
                <div class="method-content">
                  <a name="runScenario(&quot;user navigate to sign in  page&quot;, &quot;DS-Algo Sign In&quot;)">
                  </a> <!-- runScenario("user navigate to sign in  page", "DS-Algo Sign In") -->
                  <span class="method-name">runScenario</span>
                  <span class="parameters">("user navigate to sign in  page","DS-Algo Sign In")</span>
                  <em>
(Runs Cucumber Scenarios)                  </em>
                </div> <!-- method-content -->
              </div> <!-- method -->
              <div class="method">
                <div class="method-content">
                  <a name="runScenario(&quot;user navigate to sign in  page&quot;, &quot;DS-Algo Sign In&quot;)">
                  </a> <!-- runScenario("user navigate to sign in  page", "DS-Algo Sign In") -->
                  <span class="method-name">runScenario</span>
                  <span class="parameters">("user navigate to sign in  page","DS-Algo Sign In")</span>
                  <em>
(Runs Cucumber Scenarios)                  </em>
                </div> <!-- method-content -->
              </div> <!-- method -->
              <div class="method">
                <div class="method-content">
                  <a name="runScenario(&quot;user navigate to sign in  page&quot;, &quot;DS-Algo Sign In&quot;)">
                  </a> <!-- runScenario("user navigate to sign in  page", "DS-Algo Sign In") -->
                  <span class="method-name">runScenario</span>
                  <span class="parameters">("user navigate to sign in  page","DS-Algo Sign In")</span>
                  <em>
(Runs Cucumber Scenarios)                  </em>
                </div> <!-- method-content -->
              </div> <!-- method -->
              <div class="method">
                <div class="method-content">
                  <a name="runScenario(&quot;user navigate to sign in  page&quot;, &quot;DS-Algo Sign In&quot;)">
                  </a> <!-- runScenario("user navigate to sign in  page", "DS-Algo Sign In") -->
                  <span class="method-name">runScenario</span>
                  <span class="parameters">("user navigate to sign in  page","DS-Algo Sign In")</span>
                  <em>
(Runs Cucumber Scenarios)                  </em>
                </div> <!-- method-content -->
              </div> <!-- method -->
            </div> <!-- main-panel-content rounded-window-bottom -->
          </div> <!-- suite-Default_suite-class-passed -->
        </div> <!-- panel Default_suite -->
        <div panel-name="test-xml-Default_suite" class="panel">
          <div class="main-panel-header rounded-window-top">
            <span class="header-content">C:\Users\dadit\AppData\Local\Temp\testng-eclipse--770476256\testng-customsuite.xml</span>
          </div> <!-- main-panel-header rounded-window-top -->
          <div class="main-panel-content rounded-window-bottom">
            <pre>
&lt;?xml version=&quot;1.0&quot; encoding=&quot;UTF-8&quot;?&gt;
&lt;!DOCTYPE suite SYSTEM &quot;https://testng.org/testng-1.0.dtd&quot;&gt;
&lt;suite name=&quot;Default suite&quot; guice-stage=&quot;DEVELOPMENT&quot;&gt;
  &lt;test thread-count=&quot;5&quot; name=&quot;Default test&quot; verbose=&quot;2&quot;&gt;
    &lt;classes&gt;
      &lt;class name=&quot;runner.testRunner&quot;/&gt;
    &lt;/classes&gt;
  &lt;/test&gt; &lt;!-- Default test --&gt;
&lt;/suite&gt; &lt;!-- Default suite --&gt;
            </pre>
          </div> <!-- main-panel-content rounded-window-bottom -->
        </div> <!-- panel -->
        <div panel-name="testlist-Default_suite" class="panel">
          <div class="main-panel-header rounded-window-top">
            <span class="header-content">Tests for Default suite</span>
          </div> <!-- main-panel-header rounded-window-top -->
          <div class="main-panel-content rounded-window-bottom">
            <ul>
              <li>
                <span class="test-name">Default test (1 class)</span>
              </li>
            </ul>
          </div> <!-- main-panel-content rounded-window-bottom -->
        </div> <!-- panel -->
        <div panel-name="group-Default_suite" class="panel">
          <div class="main-panel-header rounded-window-top">
            <span class="header-content">Groups for Default suite</span>
          </div> <!-- main-panel-header rounded-window-top -->
          <div class="main-panel-content rounded-window-bottom">
            <div class="test-group">
              <span class="test-group-name">cucumber</span>
              <br/>
              <div class="method-in-group">
                <span class="method-in-group-name">runScenario</span>
                <br/>
              </div> <!-- method-in-group -->
            </div> <!-- test-group -->
          </div> <!-- main-panel-content rounded-window-bottom -->
        </div> <!-- panel -->
        <div panel-name="times-Default_suite" class="panel">
          <div class="main-panel-header rounded-window-top">
            <span class="header-content">Times for Default suite</span>
          </div> <!-- main-panel-header rounded-window-top -->
          <div class="main-panel-content rounded-window-bottom">
            <div class="times-div">
              <script type="text/javascript">
suiteTableInitFunctions.push('tableData_Default_suite');
function tableData_Default_suite() {
var data = new google.visualization.DataTable();
data.addColumn('number', 'Number');
data.addColumn('string', 'Method');
data.addColumn('string', 'Class');
data.addColumn('number', 'Time (ms)');
data.addRows(54);
data.setCell(0, 0, 0)
data.setCell(0, 1, 'runScenario')
data.setCell(0, 2, 'runner.testRunner')
data.setCell(0, 3, 2716);
data.setCell(1, 0, 1)
data.setCell(1, 1, 'runScenario')
data.setCell(1, 2, 'runner.testRunner')
data.setCell(1, 3, 2523);
data.setCell(2, 0, 2)
data.setCell(2, 1, 'runScenario')
data.setCell(2, 2, 'runner.testRunner')
data.setCell(2, 3, 2377);
data.setCell(3, 0, 3)
data.setCell(3, 1, 'runScenario')
data.setCell(3, 2, 'runner.testRunner')
data.setCell(3, 3, 2318);
data.setCell(4, 0, 4)
data.setCell(4, 1, 'runScenario')
data.setCell(4, 2, 'runner.testRunner')
data.setCell(4, 3, 2260);
data.setCell(5, 0, 5)
data.setCell(5, 1, 'runScenario')
data.setCell(5, 2, 'runner.testRunner')
data.setCell(5, 3, 2149);
data.setCell(6, 0, 6)
data.setCell(6, 1, 'runScenario')
data.setCell(6, 2, 'runner.testRunner')
data.setCell(6, 3, 2087);
data.setCell(7, 0, 7)
data.setCell(7, 1, 'runScenario')
data.setCell(7, 2, 'runner.testRunner')
data.setCell(7, 3, 2049);
data.setCell(8, 0, 8)
data.setCell(8, 1, 'runScenario')
data.setCell(8, 2, 'runner.testRunner')
data.setCell(8, 3, 1931);
data.setCell(9, 0, 9)
data.setCell(9, 1, 'runScenario')
data.setCell(9, 2, 'runner.testRunner')
data.setCell(9, 3, 1911);
data.setCell(10, 0, 10)
data.setCell(10, 1, 'runScenario')
data.setCell(10, 2, 'runner.testRunner')
data.setCell(10, 3, 1881);
data.setCell(11, 0, 11)
data.setCell(11, 1, 'runScenario')
data.setCell(11, 2, 'runner.testRunner')
data.setCell(11, 3, 1847);
data.setCell(12, 0, 12)
data.setCell(12, 1, 'runScenario')
data.setCell(12, 2, 'runner.testRunner')
data.setCell(12, 3, 1797);
data.setCell(13, 0, 13)
data.setCell(13, 1, 'runScenario')
data.setCell(13, 2, 'runner.testRunner')
data.setCell(13, 3, 1770);
data.setCell(14, 0, 14)
data.setCell(14, 1, 'runScenario')
data.setCell(14, 2, 'runner.testRunner')
data.setCell(14, 3, 1734);
data.setCell(15, 0, 15)
data.setCell(15, 1, 'runScenario')
data.setCell(15, 2, 'runner.testRunner')
data.setCell(15, 3, 1661);
data.setCell(16, 0, 16)
data.setCell(16, 1, 'runScenario')
data.setCell(16, 2, 'runner.testRunner')
data.setCell(16, 3, 1644);
data.setCell(17, 0, 17)
data.setCell(17, 1, 'runScenario')
data.setCell(17, 2, 'runner.testRunner')
data.setCell(17, 3, 1641);
data.setCell(18, 0, 18)
data.setCell(18, 1, 'runScenario')
data.setCell(18, 2, 'runner.testRunner')
data.setCell(18, 3, 1634);
data.setCell(19, 0, 19)
data.setCell(19, 1, 'runScenario')
data.setCell(19, 2, 'runner.testRunner')
data.setCell(19, 3, 1628);
data.setCell(20, 0, 20)
data.setCell(20, 1, 'runScenario')
data.setCell(20, 2, 'runner.testRunner')
data.setCell(20, 3, 1627);
data.setCell(21, 0, 21)
data.setCell(21, 1, 'runScenario')
data.setCell(21, 2, 'runner.testRunner')
data.setCell(21, 3, 1616);
data.setCell(22, 0, 22)
data.setCell(22, 1, 'runScenario')
data.setCell(22, 2, 'runner.testRunner')
data.setCell(22, 3, 1595);
data.setCell(23, 0, 23)
data.setCell(23, 1, 'runScenario')
data.setCell(23, 2, 'runner.testRunner')
data.setCell(23, 3, 1534);
data.setCell(24, 0, 24)
data.setCell(24, 1, 'runScenario')
data.setCell(24, 2, 'runner.testRunner')
data.setCell(24, 3, 1485);
data.setCell(25, 0, 25)
data.setCell(25, 1, 'runScenario')
data.setCell(25, 2, 'runner.testRunner')
data.setCell(25, 3, 1377);
data.setCell(26, 0, 26)
data.setCell(26, 1, 'runScenario')
data.setCell(26, 2, 'runner.testRunner')
data.setCell(26, 3, 1341);
data.setCell(27, 0, 27)
data.setCell(27, 1, 'runScenario')
data.setCell(27, 2, 'runner.testRunner')
data.setCell(27, 3, 1308);
data.setCell(28, 0, 28)
data.setCell(28, 1, 'runScenario')
data.setCell(28, 2, 'runner.testRunner')
data.setCell(28, 3, 1305);
data.setCell(29, 0, 29)
data.setCell(29, 1, 'runScenario')
data.setCell(29, 2, 'runner.testRunner')
data.setCell(29, 3, 1228);
data.setCell(30, 0, 30)
data.setCell(30, 1, 'runScenario')
data.setCell(30, 2, 'runner.testRunner')
data.setCell(30, 3, 1155);
data.setCell(31, 0, 31)
data.setCell(31, 1, 'runScenario')
data.setCell(31, 2, 'runner.testRunner')
data.setCell(31, 3, 788);
data.setCell(32, 0, 32)
data.setCell(32, 1, 'runScenario')
data.setCell(32, 2, 'runner.testRunner')
data.setCell(32, 3, 749);
data.setCell(33, 0, 33)
data.setCell(33, 1, 'runScenario')
data.setCell(33, 2, 'runner.testRunner')
data.setCell(33, 3, 701);
data.setCell(34, 0, 34)
data.setCell(34, 1, 'runScenario')
data.setCell(34, 2, 'runner.testRunner')
data.setCell(34, 3, 578);
data.setCell(35, 0, 35)
data.setCell(35, 1, 'runScenario')
data.setCell(35, 2, 'runner.testRunner')
data.setCell(35, 3, 564);
data.setCell(36, 0, 36)
data.setCell(36, 1, 'runScenario')
data.setCell(36, 2, 'runner.testRunner')
data.setCell(36, 3, 558);
data.setCell(37, 0, 37)
data.setCell(37, 1, 'runScenario')
data.setCell(37, 2, 'runner.testRunner')
data.setCell(37, 3, 540);
data.setCell(38, 0, 38)
data.setCell(38, 1, 'runScenario')
data.setCell(38, 2, 'runner.testRunner')
data.setCell(38, 3, 411);
data.setCell(39, 0, 39)
data.setCell(39, 1, 'runScenario')
data.setCell(39, 2, 'runner.testRunner')
data.setCell(39, 3, 380);
data.setCell(40, 0, 40)
data.setCell(40, 1, 'runScenario')
data.setCell(40, 2, 'runner.testRunner')
data.setCell(40, 3, 364);
data.setCell(41, 0, 41)
data.setCell(41, 1, 'runScenario')
data.setCell(41, 2, 'runner.testRunner')
data.setCell(41, 3, 363);
data.setCell(42, 0, 42)
data.setCell(42, 1, 'runScenario')
data.setCell(42, 2, 'runner.testRunner')
data.setCell(42, 3, 342);
data.setCell(43, 0, 43)
data.setCell(43, 1, 'runScenario')
data.setCell(43, 2, 'runner.testRunner')
data.setCell(43, 3, 338);
data.setCell(44, 0, 44)
data.setCell(44, 1, 'runScenario')
data.setCell(44, 2, 'runner.testRunner')
data.setCell(44, 3, 334);
data.setCell(45, 0, 45)
data.setCell(45, 1, 'runScenario')
data.setCell(45, 2, 'runner.testRunner')
data.setCell(45, 3, 326);
data.setCell(46, 0, 46)
data.setCell(46, 1, 'runScenario')
data.setCell(46, 2, 'runner.testRunner')
data.setCell(46, 3, 320);
data.setCell(47, 0, 47)
data.setCell(47, 1, 'runScenario')
data.setCell(47, 2, 'runner.testRunner')
data.setCell(47, 3, 305);
data.setCell(48, 0, 48)
data.setCell(48, 1, 'runScenario')
data.setCell(48, 2, 'runner.testRunner')
data.setCell(48, 3, 301);
data.setCell(49, 0, 49)
data.setCell(49, 1, 'runScenario')
data.setCell(49, 2, 'runner.testRunner')
data.setCell(49, 3, 293);
data.setCell(50, 0, 50)
data.setCell(50, 1, 'runScenario')
data.setCell(50, 2, 'runner.testRunner')
data.setCell(50, 3, 265);
data.setCell(51, 0, 51)
data.setCell(51, 1, 'runScenario')
data.setCell(51, 2, 'runner.testRunner')
data.setCell(51, 3, 261);
data.setCell(52, 0, 52)
data.setCell(52, 1, 'runScenario')
data.setCell(52, 2, 'runner.testRunner')
data.setCell(52, 3, 244);
data.setCell(53, 0, 53)
data.setCell(53, 1, 'runScenario')
data.setCell(53, 2, 'runner.testRunner')
data.setCell(53, 3, 232);
window.suiteTableData['Default_suite']= { tableData: data, tableDiv: 'times-div-Default_suite'}
return data;
}
              </script>
              <span class="suite-total-time">Total running time: 1 minutes</span>
              <div id="times-div-Default_suite">
              </div> <!-- times-div-Default_suite -->
            </div> <!-- times-div -->
          </div> <!-- main-panel-content rounded-window-bottom -->
        </div> <!-- panel -->
        <div panel-name="reporter-Default_suite" class="panel">
          <div class="main-panel-header rounded-window-top">
            <span class="header-content">Reporter output for Default suite</span>
          </div> <!-- main-panel-header rounded-window-top -->
          <div class="main-panel-content rounded-window-bottom">
          </div> <!-- main-panel-content rounded-window-bottom -->
        </div> <!-- panel -->
        <div panel-name="ignored-methods-Default_suite" class="panel">
          <div class="main-panel-header rounded-window-top">
            <span class="header-content">0 ignored methods</span>
          </div> <!-- main-panel-header rounded-window-top -->
          <div class="main-panel-content rounded-window-bottom">
          </div> <!-- main-panel-content rounded-window-bottom -->
        </div> <!-- panel -->
        <div panel-name="chronological-Default_suite" class="panel">
          <div class="main-panel-header rounded-window-top">
            <span class="header-content">Methods in chronological order</span>
          </div> <!-- main-panel-header rounded-window-top -->
          <div class="main-panel-content rounded-window-bottom">
            <div class="chronological-class">
              <div class="chronological-class-name">runner.testRunner</div> <!-- chronological-class-name -->
              <div class="configuration-class before">
                <span class="method-name">setUpClass(org.testng.TestRunner@50cadbae)</span>
                <span class="method-start">0 ms</span>
              </div> <!-- configuration-class before -->
              <div class="test-method">
                <img src="failed.png">
                </img>
                <span class="method-name">runScenario("User navigate to Array Practice Page and works in Search the array", "DS Algo ArrayPractice Page")</span>
                <span class="method-start">4694 ms</span>
              </div> <!-- test-method -->
              <div class="test-method">
                <img src="failed.png">
                </img>
                <span class="method-name">runScenario("User navigate to Array Practice Page and works in Max Consecutive Ones", "DS Algo ArrayPractice Pag...)</span>
                <span class="method-start">6259 ms</span>
              </div> <!-- test-method -->
              <div class="test-method">
                <img src="failed.png">
                </img>
                <span class="method-name">runScenario("User navigate to Array Practice Page and works in Find Numbers with Even Number of Digits", "DS Alg...)</span>
                <span class="method-start">6569 ms</span>
              </div> <!-- test-method -->
              <div class="test-method">
                <img src="failed.png">
                </img>
                <span class="method-name">runScenario("User navigate to Array Practice Page and works in Squares of  a Sorted Array", "DS Algo ArrayPracti...)</span>
                <span class="method-start">6838 ms</span>
              </div> <!-- test-method -->
              <div class="test-method">
                <img src="failed.png">
                </img>
                <span class="method-name">runScenario("user navigate to datastructure page", "DataStructure page")</span>
                <span class="method-start">7074 ms</span>
              </div> <!-- test-method -->
              <div class="test-method">
                <img src="failed.png">
                </img>
                <span class="method-name">runScenario("user navigate to datastructure page", "DataStructure page")</span>
                <span class="method-start">7338 ms</span>
              </div> <!-- test-method -->
              <div class="test-method">
                <img src="failed.png">
                </img>
                <span class="method-name">runScenario("user navigate to Graph page and works on  Graph", "Graph page")</span>
                <span class="method-start">7586 ms</span>
              </div> <!-- test-method -->
              <div class="test-method">
                <img src="failed.png">
                </img>
                <span class="method-name">runScenario("user does Graph Representations", "Graph page")</span>
                <span class="method-start">7916 ms</span>
              </div> <!-- test-method -->
              <div class="test-method">
                <img src="failed.png">
                </img>
                <span class="method-name">runScenario("user navigate to Linked List page and works on Introduction on Linked List", "Linked List page")</span>
                <span class="method-start">9971 ms</span>
              </div> <!-- test-method -->
              <div class="test-method">
                <img src="failed.png">
                </img>
                <span class="method-name">runScenario("user does Creating Linked List", "Linked List page")</span>
                <span class="method-start">11592 ms</span>
              </div> <!-- test-method -->
              <div class="test-method">
                <img src="failed.png">
                </img>
                <span class="method-name">runScenario("user does Types of Linked Lists", "Linked List page")</span>
                <span class="method-start">13394 ms</span>
              </div> <!-- test-method -->
              <div class="test-method">
                <img src="failed.png">
                </img>
                <span class="method-name">runScenario("user does Implement Linked List in Python", "Linked List page")</span>
                <span class="method-start">14740 ms</span>
              </div> <!-- test-method -->
              <div class="test-method">
                <img src="failed.png">
                </img>
                <span class="method-name">runScenario("user does Traversal", "Linked List page")</span>
                <span class="method-start">15973 ms</span>
              </div> <!-- test-method -->
              <div class="test-method">
                <img src="failed.png">
                </img>
                <span class="method-name">runScenario("user does Insertion", "Linked List page")</span>
                <span class="method-start">17283 ms</span>
              </div> <!-- test-method -->
              <div class="test-method">
                <img src="failed.png">
                </img>
                <span class="method-name">runScenario("user does Deletion", "Linked List page")</span>
                <span class="method-start">18443 ms</span>
              </div> <!-- test-method -->
              <div class="test-method">
                <span class="method-name">runScenario("user navigate to sign in  page", "DS-Algo Sign In")</span>
                <span class="method-start">19756 ms</span>
              </div> <!-- test-method -->
              <div class="test-method">
                <span class="method-name">runScenario("user navigate to sign in  page", "DS-Algo Sign In")</span>
                <span class="method-start">22085 ms</span>
              </div> <!-- test-method -->
              <div class="test-method">
                <span class="method-name">runScenario("user navigate to sign in  page", "DS-Algo Sign In")</span>
                <span class="method-start">22876 ms</span>
              </div> <!-- test-method -->
              <div class="test-method">
                <span class="method-name">runScenario("user navigate to sign in  page", "DS-Algo Sign In")</span>
                <span class="method-start">23583 ms</span>
              </div> <!-- test-method -->
              <div class="test-method">
                <span class="method-name">runScenario("user navigate to sign in  page", "DS-Algo Sign In")</span>
                <span class="method-start">24127 ms</span>
              </div> <!-- test-method -->
              <div class="test-method">
                <span class="method-name">runScenario("user navigate to sign in  page", "DS-Algo Sign In")</span>
                <span class="method-start">24696 ms</span>
              </div> <!-- test-method -->
              <div class="test-method">
                <span class="method-name">runScenario("user navigate to sign in  page", "DS-Algo Sign In")</span>
                <span class="method-start">25258 ms</span>
              </div> <!-- test-method -->
              <div class="test-method">
                <span class="method-name">runScenario("user navigate to sign in  page", "DS-Algo Sign In")</span>
                <span class="method-start">25841 ms</span>
              </div> <!-- test-method -->
              <div class="test-method">
                <img src="failed.png">
                </img>
                <span class="method-name">runScenario("Opeing DS-Algo portal link", "DS-ALGO Project")</span>
                <span class="method-start">26594 ms</span>
              </div> <!-- test-method -->
              <div class="test-method">
                <img src="failed.png">
                </img>
                <span class="method-name">runScenario("user navigate to Queue page and works on Implementation Queue in Python", "Queue page")</span>
                <span class="method-start">28531 ms</span>
              </div> <!-- test-method -->
              <div class="test-method">
                <img src="failed.png">
                </img>
                <span class="method-name">runScenario("user does Implementation Using Collection.deque", "Queue page")</span>
                <span class="method-start">30795 ms</span>
              </div> <!-- test-method -->
              <div class="test-method">
                <img src="failed.png">
                </img>
                <span class="method-name">runScenario("user does Implementation Using Array", "Queue page")</span>
                <span class="method-start">32438 ms</span>
              </div> <!-- test-method -->
              <div class="test-method">
                <img src="failed.png">
                </img>
                <span class="method-name">runScenario("user does Queue Operations", "Queue page")</span>
                <span class="method-start">34086 ms</span>
              </div> <!-- test-method -->
              <div class="test-method">
                <img src="failed.png">
                </img>
                <span class="method-name">runScenario("The user is presented with error message for empty fields below Username textbox", "user registrati...)</span>
                <span class="method-start">35724 ms</span>
              </div> <!-- test-method -->
              <div class="test-method">
                <img src="failed.png">
                </img>
                <span class="method-name">runScenario("The user is presented with error message for empty fields below Password textbox", "user registrati...)</span>
                <span class="method-start">36032 ms</span>
              </div> <!-- test-method -->
              <div class="test-method">
                <img src="failed.png">
                </img>
                <span class="method-name">runScenario("The user is presented with error message for empty fields below confirm Password textbox", "user re...)</span>
                <span class="method-start">36352 ms</span>
              </div> <!-- test-method -->
              <div class="test-method">
                <img src="failed.png">
                </img>
                <span class="method-name">runScenario("The user is presented with error message for invalid username", "user registration page")</span>
                <span class="method-start">36769 ms</span>
              </div> <!-- test-method -->
              <div class="test-method">
                <img src="failed.png">
                </img>
                <span class="method-name">runScenario("The user is presented with error message for password mismatch", "user registration page")</span>
                <span class="method-start">37127 ms</span>
              </div> <!-- test-method -->
              <div class="test-method">
                <img src="failed.png">
                </img>
                <span class="method-name">runScenario("The user is presented with error message for password with characters less than 8", "user registrat...)</span>
                <span class="method-start">37465 ms</span>
              </div> <!-- test-method -->
              <div class="test-method">
                <img src="failed.png">
                </img>
                <span class="method-name">runScenario("The user is presented with error message for password with only numbers", "user registration page")</span>
                <span class="method-start">37759 ms</span>
              </div> <!-- test-method -->
              <div class="test-method">
                <img src="failed.png">
                </img>
                <span class="method-name">runScenario("Getting register into page with username and password", "user registration page")</span>
                <span class="method-start">38093 ms</span>
              </div> <!-- test-method -->
              <div class="test-method">
                <img src="failed.png">
                </img>
                <span class="method-name">runScenario("Getting register into page with username and password", "user registration page")</span>
                <span class="method-start">38456 ms</span>
              </div> <!-- test-method -->
              <div class="test-method">
                <img src="failed.png">
                </img>
                <span class="method-name">runScenario("The user is presented with error message for existing username", "user registration page")</span>
                <span class="method-start">38836 ms</span>
              </div> <!-- test-method -->
              <div class="test-method">
                <img src="failed.png">
                </img>
                <span class="method-name">runScenario("user navigate to Stack page and works on Operations in Stack", "Stack page")</span>
                <span class="method-start">39200 ms</span>
              </div> <!-- test-method -->
              <div class="test-method">
                <img src="failed.png">
                </img>
                <span class="method-name">runScenario("user does Implementation Stack", "Stack page")</span>
                <span class="method-start">41739 ms</span>
              </div> <!-- test-method -->
              <div class="test-method">
                <img src="failed.png">
                </img>
                <span class="method-name">runScenario("user does Applications", "Stack page")</span>
                <span class="method-start">43395 ms</span>
              </div> <!-- test-method -->
              <div class="test-method">
                <img src="failed.png">
                </img>
                <span class="method-name">runScenario("user navigate to Tree page and works on Overview of Trees 1st link in the Tree", "Tree page")</span>
                <span class="method-start">44929 ms</span>
              </div> <!-- test-method -->
              <div class="test-method">
                <img src="failed.png">
                </img>
                <span class="method-name">runScenario("user does Terminologies in Trees", "Tree page")</span>
                <span class="method-start">47645 ms</span>
              </div> <!-- test-method -->
              <div class="test-method">
                <img src="failed.png">
                </img>
                <span class="method-name">runScenario("user does Types of Trees", "Tree page")</span>
                <span class="method-start">50022 ms</span>
              </div> <!-- test-method -->
              <div class="test-method">
                <img src="failed.png">
                </img>
                <span class="method-name">runScenario("user does Tree Traversals", "Tree page")</span>
                <span class="method-start">51687 ms</span>
              </div> <!-- test-method -->
              <div class="test-method">
                <img src="failed.png">
                </img>
                <span class="method-name">runScenario("user does Traversal-Illustration", "Tree page")</span>
                <span class="method-start">53534 ms</span>
              </div> <!-- test-method -->
              <div class="test-method">
                <img src="failed.png">
                </img>
                <span class="method-name">runScenario("user does Binary Trees", "Tree page")</span>
                <span class="method-start">55320 ms</span>
              </div> <!-- test-method -->
              <div class="test-method">
                <img src="failed.png">
                </img>
                <span class="method-name">runScenario("user does Types of Binary Trees", "Tree page")</span>
                <span class="method-start">57407 ms</span>
              </div> <!-- test-method -->
              <div class="test-method">
                <img src="failed.png">
                </img>
                <span class="method-name">runScenario("user does Implementation in Python", "Tree page")</span>
                <span class="method-start">59572 ms</span>
              </div> <!-- test-method -->
              <div class="test-method">
                <img src="failed.png">
                </img>
                <span class="method-name">runScenario("user does Binary Tree Traversals", "Tree page")</span>
                <span class="method-start">61306 ms</span>
              </div> <!-- test-method -->
              <div class="test-method">
                <img src="failed.png">
                </img>
                <span class="method-name">runScenario("user does Implementation of Binary Trees", "Tree page")</span>
                <span class="method-start">63191 ms</span>
              </div> <!-- test-method -->
              <div class="test-method">
                <img src="failed.png">
                </img>
                <span class="method-name">runScenario("user does Applications of Binary Trees", "Tree page")</span>
                <span class="method-start">64802 ms</span>
              </div> <!-- test-method -->
              <div class="test-method">
                <img src="failed.png">
                </img>
                <span class="method-name">runScenario("user does Binary Search Trees", "Tree page")</span>
                <span class="method-start">66429 ms</span>
              </div> <!-- test-method -->
              <div class="test-method">
                <img src="failed.png">
                </img>
                <span class="method-name">runScenario("user does Implementation of BST", "Tree page")</span>
                <span class="method-start">68340 ms</span>
              </div> <!-- test-method -->
              <div class="configuration-class after">
                <span class="method-name">tearDownClass</span>
                <span class="method-start">69731 ms</span>
              </div> <!-- configuration-class after -->
          </div> <!-- main-panel-content rounded-window-bottom -->
        </div> <!-- panel -->
      </div> <!-- main-panel-root -->
    </div> <!-- wrapper -->
  </body>
<script type="text/javascript" src="testng-reports2.js"></script>
</html>
